#
# There is insufficient memory for the Java Runtime Environment to continue.
# Native memory allocation (mmap) failed to map 14680064 bytes for G1 virtual space
# Possible reasons:
#   The system is out of physical RAM or swap space
#   The process is running with CompressedOops enabled, and the Java Heap may be blocking the growth of the native heap
# Possible solutions:
#   Reduce memory load on the system
#   Increase physical memory or swap space
#   Check if swap backing store is full
#   Decrease Java heap size (-Xmx/-Xms)
#   Decrease number of Java threads
#   Decrease Java thread stack sizes (-Xss)
#   Set larger code cache with -XX:ReservedCodeCacheSize=
#   JVM is running with Unscaled Compressed Oops mode in which the Java heap is
#     placed in the first 4GB address space. The Java Heap base address is the
#     maximum limit for the native heap growth. Please use -XX:HeapBaseMinAddress
#     to set the Java Heap base and to place the Java Heap above 4GB virtual address.
# This output file may be truncated or incomplete.
#
#  Out of Memory Error (os_windows.cpp:3600), pid=6424, tid=1676
#
# JRE version: OpenJDK Runtime Environment (21.0.2+13) (build 21.0.2+13-58)
# Java VM: OpenJDK 64-Bit Server VM (21.0.2+13-58, mixed mode, sharing, tiered, compressed oops, compressed class ptrs, g1 gc, windows-amd64)
# No core dump will be written. Minidumps are not enabled by default on client versions of Windows
#

---------------  S U M M A R Y ------------

Command Line: -javaagent:C:\Program Files\JetBrains\IntelliJ IDEA Community Edition 2023.2.4\lib\idea_rt.jar=51162:C:\Program Files\JetBrains\IntelliJ IDEA Community Edition 2023.2.4\bin -Dfile.encoding=UTF-8 -Dsun.stdout.encoding=UTF-8 -Dsun.stderr.encoding=UTF-8 com.gfg_JBDL65.Order_service.OrderServiceApplication

Host: AMD Ryzen 3 3250U with Radeon Graphics         , 4 cores, 3G,  Windows 11 , 64 bit Build 22000 (10.0.22000.2538)
Time: Sun Apr 21 00:19:41 2024 India Standard Time elapsed time: 21.775900 seconds (0d 0h 0m 21s)

---------------  T H R E A D  ---------------

Current thread (0x000001914ba54a10):  VMThread "VM Thread"          [id=1676, stack(0x000000235a000000,0x000000235a100000) (1024K)]

Stack: [0x000000235a000000,0x000000235a100000]
Native frames: (J=compiled Java code, j=interpreted, Vv=VM code, C=native code)
V  [jvm.dll+0x6cade9]
V  [jvm.dll+0x8569c1]
V  [jvm.dll+0x858d2e]
V  [jvm.dll+0x859413]
V  [jvm.dll+0x280e56]
V  [jvm.dll+0x6c74d5]
V  [jvm.dll+0x6bbeca]
V  [jvm.dll+0x355bca]
V  [jvm.dll+0x35d816]
V  [jvm.dll+0x3ae67e]
V  [jvm.dll+0x3ae928]
V  [jvm.dll+0x3295dc]
V  [jvm.dll+0x329667]
V  [jvm.dll+0x36df1c]
V  [jvm.dll+0x36c71d]
V  [jvm.dll+0x328d51]
V  [jvm.dll+0x36be2a]
V  [jvm.dll+0x85ef18]
V  [jvm.dll+0x860014]
V  [jvm.dll+0x860550]
V  [jvm.dll+0x8607f3]
V  [jvm.dll+0x7ff568]
V  [jvm.dll+0x6c953d]
C  [ucrtbase.dll+0x26c0c]
C  [KERNEL32.DLL+0x153e0]
C  [ntdll.dll+0x485b]

VM_Operation (0x000000235a8fd640): G1CollectForAllocation, mode: safepoint, requested by thread 0x0000019168311d00


---------------  P R O C E S S  ---------------

Threads class SMR info:
_java_thread_list=0x000001916ffff6c0, length=18, elements={
0x000001914b89fb80, 0x000001916829f720, 0x00000191682a2600, 0x00000191682a58b0,
0x00000191682a66c0, 0x00000191682a7a70, 0x00000191682a8600, 0x00000191682aa3a0,
0x0000019168311d00, 0x000001916828cfa0, 0x000001916d218c20, 0x000001916d1591d0,
0x000001916d6f07f0, 0x000001916dace120, 0x000001916fb3b050, 0x000001916deb1060,
0x000001916deb16f0, 0x000001916deb2aa0
}

Java Threads: ( => current thread )
  0x000001914b89fb80 JavaThread "main"                              [_thread_blocked, id=23792, stack(0x0000002359900000,0x0000002359a00000) (1024K)]
  0x000001916829f720 JavaThread "Reference Handler"          daemon [_thread_blocked, id=13064, stack(0x000000235a100000,0x000000235a200000) (1024K)]
  0x00000191682a2600 JavaThread "Finalizer"                  daemon [_thread_blocked, id=20164, stack(0x000000235a200000,0x000000235a300000) (1024K)]
  0x00000191682a58b0 JavaThread "Signal Dispatcher"          daemon [_thread_blocked, id=3004, stack(0x000000235a300000,0x000000235a400000) (1024K)]
  0x00000191682a66c0 JavaThread "Attach Listener"            daemon [_thread_blocked, id=18012, stack(0x000000235a400000,0x000000235a500000) (1024K)]
  0x00000191682a7a70 JavaThread "Service Thread"             daemon [_thread_blocked, id=18572, stack(0x000000235a500000,0x000000235a600000) (1024K)]
  0x00000191682a8600 JavaThread "Monitor Deflation Thread"   daemon [_thread_blocked, id=25552, stack(0x000000235a600000,0x000000235a700000) (1024K)]
  0x00000191682aa3a0 JavaThread "C2 CompilerThread0"         daemon [_thread_in_native, id=624, stack(0x000000235a700000,0x000000235a800000) (1024K)]
  0x0000019168311d00 JavaThread "C1 CompilerThread0"         daemon [_thread_blocked, id=24160, stack(0x000000235a800000,0x000000235a900000) (1024K)]
  0x000001916828cfa0 JavaThread "Common-Cleaner"             daemon [_thread_blocked, id=16512, stack(0x000000235a900000,0x000000235aa00000) (1024K)]
  0x000001916d218c20 JavaThread "Monitor Ctrl-Break"         daemon [_thread_in_native, id=9408, stack(0x000000235aa00000,0x000000235ab00000) (1024K)]
  0x000001916d1591d0 JavaThread "Notification Thread"        daemon [_thread_blocked, id=5616, stack(0x000000235ab00000,0x000000235ac00000) (1024K)]
  0x000001916d6f07f0 JavaThread "Thread-0"                          [_thread_blocked, id=17996, stack(0x000000235af00000,0x000000235b000000) (1024K)]
  0x000001916dace120 JavaThread "restartedMain"                     [_thread_blocked, id=25540, stack(0x000000235b000000,0x000000235b100000) (1024K)]
  0x000001916fb3b050 JavaThread "HikariPool-1 housekeeper"   daemon [_thread_blocked, id=9768, stack(0x000000235b100000,0x000000235b200000) (1024K)]
  0x000001916deb1060 JavaThread "Catalina-utility-1"                [_thread_blocked, id=8436, stack(0x000000235b300000,0x000000235b400000) (1024K)]
  0x000001916deb16f0 JavaThread "Catalina-utility-2"                [_thread_blocked, id=7448, stack(0x000000235b400000,0x000000235b500000) (1024K)]
  0x000001916deb2aa0 JavaThread "container-0"                       [_thread_blocked, id=12056, stack(0x000000235b500000,0x000000235b600000) (1024K)]
Total: 18

Other Threads:
=>0x000001914ba54a10 VMThread "VM Thread"                           [id=1676, stack(0x000000235a000000,0x000000235a100000) (1024K)]
  0x000001916828bbf0 WatcherThread "VM Periodic Task Thread"        [id=15840, stack(0x0000002359f00000,0x000000235a000000) (1024K)]
  0x000001914b9cd420 WorkerThread "GC Thread#0"                     [id=23576, stack(0x0000002359a00000,0x0000002359b00000) (1024K)]
  0x000001916d134fa0 WorkerThread "GC Thread#1"                     [id=22976, stack(0x000000235ac00000,0x000000235ad00000) (1024K)]
  0x000001916d4a3d10 WorkerThread "GC Thread#2"                     [id=21536, stack(0x000000235ad00000,0x000000235ae00000) (1024K)]
  0x000001916d4e14b0 WorkerThread "GC Thread#3"                     [id=4652, stack(0x000000235ae00000,0x000000235af00000) (1024K)]
  0x000001914b9d6250 ConcurrentGCThread "G1 Main Marker"            [id=24524, stack(0x0000002359b00000,0x0000002359c00000) (1024K)]
  0x000001914b9d6f00 WorkerThread "G1 Conc#0"                       [id=22060, stack(0x0000002359c00000,0x0000002359d00000) (1024K)]
  0x000001914ba281b0 ConcurrentGCThread "G1 Refine#0"               [id=18248, stack(0x0000002359d00000,0x0000002359e00000) (1024K)]
  0x000001914ba28d20 ConcurrentGCThread "G1 Service"                [id=1904, stack(0x0000002359e00000,0x0000002359f00000) (1024K)]
Total: 10

Threads with active compile tasks:
C2 CompilerThread0    21876 5785       4       org.springframework.core.annotation.TypeMappedAnnotations::get (52 bytes)
C1 CompilerThread0    21876 6276       2       java.lang.reflect.Executable::sharedGetParameterAnnotations (96 bytes)
Total: 2

VM state: at safepoint (normal execution)

VM Mutex/Monitor currently owned by a thread:  ([mutex/lock_event])
[0x00007fff23bbcd68] Threads_lock - owner thread: 0x000001914ba54a10
[0x00007fff23bbce68] Heap_lock - owner thread: 0x0000019168311d00

Heap address: 0x00000000c8e00000, size: 882 MB, Compressed Oops mode: 32-bit

CDS archive(s) mapped at: [0x0000019100000000-0x0000019100c90000-0x0000019100c90000), size 13172736, SharedBaseAddress: 0x0000019100000000, ArchiveRelocationMode: 1.
Compressed class space mapped at: 0x0000019101000000-0x0000019141000000, reserved size: 1073741824
Narrow klass base: 0x0000019100000000, Narrow klass shift: 0, Narrow klass range: 0x100000000

GC Precious Log:
 CardTable entry size: 512
 Card Set container configuration: InlinePtr #cards 5 size 8 Array Of Cards #cards 12 size 40 Howl #buckets 4 coarsen threshold 1843 Howl Bitmap #cards 512 size 80 coarsen threshold 460 Card regions per heap region 1 cards per card region 2048
 CPUs: 4 total, 4 available
 Memory: 3526M
 Large Page Support: Disabled
 NUMA Support: Disabled
 Compressed Oops: Enabled (32-bit)
 Heap Region Size: 1M
 Heap Min Capacity: 8M
 Heap Initial Capacity: 56M
 Heap Max Capacity: 882M
 Pre-touch: Disabled
 Parallel Workers: 4
 Concurrent Workers: 1
 Concurrent Refinement Workers: 4
 Periodic GC: Disabled

Heap:
 garbage-first heap   total 70656K, used 39515K [0x00000000c8e00000, 0x0000000100000000)
  region size 1024K, 2 young (2048K), 2 survivors (2048K)
 Metaspace       used 68602K, committed 69376K, reserved 1114112K
  class space    used 9254K, committed 9600K, reserved 1048576K

Heap Regions: E=young(eden), S=young(survivor), O=old, HS=humongous(starts), HC=humongous(continues), CS=collection set, F=free, TAMS=top-at-mark-start, PB=parsable bottom
|   0|0x00000000c8e00000, 0x00000000c8f00000, 0x00000000c8f00000|100%|HS|  |TAMS 0x00000000c8e00000| PB 0x00000000c8e00000| Complete 
|   1|0x00000000c8f00000, 0x00000000c9000000, 0x00000000c9000000|100%|HS|  |TAMS 0x00000000c8f00000| PB 0x00000000c8f00000| Complete 
|   2|0x00000000c9000000, 0x00000000c9100000, 0x00000000c9100000|100%| O|  |TAMS 0x00000000c9000000| PB 0x00000000c9000000| Untracked 
|   3|0x00000000c9100000, 0x00000000c9200000, 0x00000000c9200000|100%| O|  |TAMS 0x00000000c9100000| PB 0x00000000c9100000| Untracked 
|   4|0x00000000c9200000, 0x00000000c9300000, 0x00000000c9300000|100%| O|  |TAMS 0x00000000c9200000| PB 0x00000000c9200000| Untracked 
|   5|0x00000000c9300000, 0x00000000c9400000, 0x00000000c9400000|100%| O|  |TAMS 0x00000000c9300000| PB 0x00000000c9300000| Untracked 
|   6|0x00000000c9400000, 0x00000000c9500000, 0x00000000c9500000|100%| O|  |TAMS 0x00000000c9400000| PB 0x00000000c9400000| Untracked 
|   7|0x00000000c9500000, 0x00000000c9600000, 0x00000000c9600000|100%| O|  |TAMS 0x00000000c9500000| PB 0x00000000c9500000| Untracked 
|   8|0x00000000c9600000, 0x00000000c9700000, 0x00000000c9700000|100%| O|  |TAMS 0x00000000c9600000| PB 0x00000000c9600000| Untracked 
|   9|0x00000000c9700000, 0x00000000c9800000, 0x00000000c9800000|100%| O|  |TAMS 0x00000000c9700000| PB 0x00000000c9700000| Untracked 
|  10|0x00000000c9800000, 0x00000000c9900000, 0x00000000c9900000|100%| O|  |TAMS 0x00000000c9800000| PB 0x00000000c9800000| Untracked 
|  11|0x00000000c9900000, 0x00000000c9a00000, 0x00000000c9a00000|100%| O|  |TAMS 0x00000000c9900000| PB 0x00000000c9900000| Untracked 
|  12|0x00000000c9a00000, 0x00000000c9b00000, 0x00000000c9b00000|100%| O|  |TAMS 0x00000000c9a00000| PB 0x00000000c9a00000| Untracked 
|  13|0x00000000c9b00000, 0x00000000c9c00000, 0x00000000c9c00000|100%| O|  |TAMS 0x00000000c9b00000| PB 0x00000000c9b00000| Untracked 
|  14|0x00000000c9c00000, 0x00000000c9d00000, 0x00000000c9d00000|100%| O|  |TAMS 0x00000000c9c00000| PB 0x00000000c9c00000| Untracked 
|  15|0x00000000c9d00000, 0x00000000c9e00000, 0x00000000c9e00000|100%| O|  |TAMS 0x00000000c9d00000| PB 0x00000000c9d00000| Untracked 
|  16|0x00000000c9e00000, 0x00000000c9f00000, 0x00000000c9f00000|100%| O|  |TAMS 0x00000000c9e00000| PB 0x00000000c9e00000| Untracked 
|  17|0x00000000c9f00000, 0x00000000ca000000, 0x00000000ca000000|100%| O|  |TAMS 0x00000000c9f00000| PB 0x00000000c9f00000| Untracked 
|  18|0x00000000ca000000, 0x00000000ca100000, 0x00000000ca100000|100%| O|  |TAMS 0x00000000ca000000| PB 0x00000000ca000000| Untracked 
|  19|0x00000000ca100000, 0x00000000ca200000, 0x00000000ca200000|100%| O|  |TAMS 0x00000000ca100000| PB 0x00000000ca100000| Untracked 
|  20|0x00000000ca200000, 0x00000000ca300000, 0x00000000ca300000|100%| O|  |TAMS 0x00000000ca200000| PB 0x00000000ca200000| Untracked 
|  21|0x00000000ca300000, 0x00000000ca400000, 0x00000000ca400000|100%| O|Cm|TAMS 0x00000000ca300000| PB 0x00000000ca300000| Complete 
|  22|0x00000000ca400000, 0x00000000ca500000, 0x00000000ca500000|100%| O|  |TAMS 0x00000000ca400000| PB 0x00000000ca400000| Untracked 
|  23|0x00000000ca500000, 0x00000000ca600000, 0x00000000ca600000|100%| O|  |TAMS 0x00000000ca500000| PB 0x00000000ca500000| Untracked 
|  24|0x00000000ca600000, 0x00000000ca700000, 0x00000000ca700000|100%| O|  |TAMS 0x00000000ca600000| PB 0x00000000ca600000| Untracked 
|  25|0x00000000ca700000, 0x00000000ca800000, 0x00000000ca800000|100%| O|  |TAMS 0x00000000ca700000| PB 0x00000000ca700000| Untracked 
|  26|0x00000000ca800000, 0x00000000ca900000, 0x00000000ca900000|100%| O|  |TAMS 0x00000000ca800000| PB 0x00000000ca800000| Untracked 
|  27|0x00000000ca900000, 0x00000000caa00000, 0x00000000caa00000|100%| O|  |TAMS 0x00000000ca900000| PB 0x00000000ca900000| Untracked 
|  28|0x00000000caa00000, 0x00000000cab00000, 0x00000000cab00000|100%| O|  |TAMS 0x00000000caa00000| PB 0x00000000caa00000| Untracked 
|  29|0x00000000cab00000, 0x00000000cac00000, 0x00000000cac00000|100%| O|  |TAMS 0x00000000cab00000| PB 0x00000000cab00000| Untracked 
|  30|0x00000000cac00000, 0x00000000cad00000, 0x00000000cad00000|100%| O|  |TAMS 0x00000000cac00000| PB 0x00000000cac00000| Untracked 
|  31|0x00000000cad00000, 0x00000000cae00000, 0x00000000cae00000|100%| O|  |TAMS 0x00000000cad00000| PB 0x00000000cad00000| Untracked 
|  32|0x00000000cae00000, 0x00000000caf00000, 0x00000000caf00000|100%| O|  |TAMS 0x00000000cae00000| PB 0x00000000cae00000| Untracked 
|  33|0x00000000caf00000, 0x00000000cb000000, 0x00000000cb000000|100%| O|  |TAMS 0x00000000caf00000| PB 0x00000000caf00000| Untracked 
|  34|0x00000000cb000000, 0x00000000cb100000, 0x00000000cb100000|100%| O|  |TAMS 0x00000000cb000000| PB 0x00000000cb000000| Untracked 
|  35|0x00000000cb100000, 0x00000000cb200000, 0x00000000cb200000|100%| O|  |TAMS 0x00000000cb100000| PB 0x00000000cb100000| Untracked 
|  36|0x00000000cb200000, 0x00000000cb300000, 0x00000000cb300000|100%| O|  |TAMS 0x00000000cb200000| PB 0x00000000cb200000| Untracked 
|  37|0x00000000cb300000, 0x00000000cb33bf00, 0x00000000cb400000| 23%| O|  |TAMS 0x00000000cb300000| PB 0x00000000cb300000| Untracked 
|  38|0x00000000cb400000, 0x00000000cb400000, 0x00000000cb500000|  0%| F|  |TAMS 0x00000000cb400000| PB 0x00000000cb400000| Untracked 
|  39|0x00000000cb500000, 0x00000000cb500000, 0x00000000cb600000|  0%| F|  |TAMS 0x00000000cb500000| PB 0x00000000cb500000| Untracked 
|  40|0x00000000cb600000, 0x00000000cb600000, 0x00000000cb700000|  0%| F|  |TAMS 0x00000000cb600000| PB 0x00000000cb600000| Untracked 
|  41|0x00000000cb700000, 0x00000000cb700000, 0x00000000cb800000|  0%| F|  |TAMS 0x00000000cb700000| PB 0x00000000cb700000| Untracked 
|  42|0x00000000cb800000, 0x00000000cb800000, 0x00000000cb900000|  0%| F|  |TAMS 0x00000000cb800000| PB 0x00000000cb800000| Untracked 
|  43|0x00000000cb900000, 0x00000000cb900000, 0x00000000cba00000|  0%| F|  |TAMS 0x00000000cb900000| PB 0x00000000cb900000| Untracked 
|  44|0x00000000cba00000, 0x00000000cba00000, 0x00000000cbb00000|  0%| F|  |TAMS 0x00000000cba00000| PB 0x00000000cba00000| Untracked 
|  45|0x00000000cbb00000, 0x00000000cbb00000, 0x00000000cbc00000|  0%| F|  |TAMS 0x00000000cbb00000| PB 0x00000000cbb00000| Untracked 
|  46|0x00000000cbc00000, 0x00000000cbc00000, 0x00000000cbd00000|  0%| F|  |TAMS 0x00000000cbc00000| PB 0x00000000cbc00000| Untracked 
|  47|0x00000000cbd00000, 0x00000000cbd00000, 0x00000000cbe00000|  0%| F|  |TAMS 0x00000000cbd00000| PB 0x00000000cbd00000| Untracked 
|  48|0x00000000cbe00000, 0x00000000cbe00000, 0x00000000cbf00000|  0%| F|  |TAMS 0x00000000cbe00000| PB 0x00000000cbe00000| Untracked 
|  49|0x00000000cbf00000, 0x00000000cbf00000, 0x00000000cc000000|  0%| F|  |TAMS 0x00000000cbf00000| PB 0x00000000cbf00000| Untracked 
|  50|0x00000000cc000000, 0x00000000cc000000, 0x00000000cc100000|  0%| F|  |TAMS 0x00000000cc000000| PB 0x00000000cc000000| Untracked 
|  51|0x00000000cc100000, 0x00000000cc15ae40, 0x00000000cc200000| 35%| S|CS|TAMS 0x00000000cc100000| PB 0x00000000cc100000| Complete 
|  52|0x00000000cc200000, 0x00000000cc300000, 0x00000000cc300000|100%| S|CS|TAMS 0x00000000cc200000| PB 0x00000000cc200000| Complete 
|  53|0x00000000cc300000, 0x00000000cc300000, 0x00000000cc400000|  0%| F|  |TAMS 0x00000000cc300000| PB 0x00000000cc300000| Untracked 
|  54|0x00000000cc400000, 0x00000000cc400000, 0x00000000cc500000|  0%| F|  |TAMS 0x00000000cc400000| PB 0x00000000cc400000| Untracked 
|  55|0x00000000cc500000, 0x00000000cc500000, 0x00000000cc600000|  0%| F|  |TAMS 0x00000000cc500000| PB 0x00000000cc500000| Untracked 
|  56|0x00000000cc600000, 0x00000000cc600000, 0x00000000cc700000|  0%| F|  |TAMS 0x00000000cc600000| PB 0x00000000cc600000| Untracked 
|  57|0x00000000cc700000, 0x00000000cc700000, 0x00000000cc800000|  0%| F|  |TAMS 0x00000000cc700000| PB 0x00000000cc700000| Untracked 
|  58|0x00000000cc800000, 0x00000000cc800000, 0x00000000cc900000|  0%| F|  |TAMS 0x00000000cc800000| PB 0x00000000cc800000| Untracked 
|  59|0x00000000cc900000, 0x00000000cc900000, 0x00000000cca00000|  0%| F|  |TAMS 0x00000000cc900000| PB 0x00000000cc900000| Untracked 
|  60|0x00000000cca00000, 0x00000000cca00000, 0x00000000ccb00000|  0%| F|  |TAMS 0x00000000cca00000| PB 0x00000000cca00000| Untracked 
|  61|0x00000000ccb00000, 0x00000000ccb00000, 0x00000000ccc00000|  0%| F|  |TAMS 0x00000000ccb00000| PB 0x00000000ccb00000| Untracked 
|  62|0x00000000ccc00000, 0x00000000ccc00000, 0x00000000ccd00000|  0%| F|  |TAMS 0x00000000ccc00000| PB 0x00000000ccc00000| Untracked 
|  63|0x00000000ccd00000, 0x00000000ccd00000, 0x00000000cce00000|  0%| F|  |TAMS 0x00000000ccd00000| PB 0x00000000ccd00000| Untracked 
|  64|0x00000000cce00000, 0x00000000cce00000, 0x00000000ccf00000|  0%| F|  |TAMS 0x00000000cce00000| PB 0x00000000cce00000| Untracked 
|  65|0x00000000ccf00000, 0x00000000ccf00000, 0x00000000cd000000|  0%| F|  |TAMS 0x00000000ccf00000| PB 0x00000000ccf00000| Untracked 
|  66|0x00000000cd000000, 0x00000000cd000000, 0x00000000cd100000|  0%| F|  |TAMS 0x00000000cd000000| PB 0x00000000cd000000| Untracked 
|  67|0x00000000cd100000, 0x00000000cd100000, 0x00000000cd200000|  0%| F|  |TAMS 0x00000000cd100000| PB 0x00000000cd100000| Untracked 
|  68|0x00000000cd200000, 0x00000000cd200000, 0x00000000cd300000|  0%| F|  |TAMS 0x00000000cd200000| PB 0x00000000cd200000| Untracked 

Card table byte_map: [0x0000019164d80000,0x0000019164f40000] _byte_map_base: 0x0000019164739000

Marking Bits: (CMBitMap*) 0x000001914b9cdb20
 Bits: [0x0000019164f40000, 0x0000019165d08000)

Polling page: 0x000001914b820000

Metaspace:

Usage:
  Non-class:     57.96 MB used.
      Class:      9.04 MB used.
       Both:     66.99 MB used.

Virtual space:
  Non-class space:       64.00 MB reserved,      58.38 MB ( 91%) committed,  1 nodes.
      Class space:        1.00 GB reserved,       9.38 MB ( <1%) committed,  1 nodes.
             Both:        1.06 GB reserved,      67.75 MB (  6%) committed. 

Chunk freelists:
   Non-Class:  5.22 MB
       Class:  6.55 MB
        Both:  11.77 MB

MaxMetaspaceSize: unlimited
CompressedClassSpaceSize: 1.00 GB
Initial GC threshold: 21.00 MB
Current GC threshold: 111.25 MB
CDS: on
 - commit_granule_bytes: 65536.
 - commit_granule_words: 8192.
 - virtual_space_node_default_size: 8388608.
 - enlarge_chunks_in_place: 1.
 - use_allocation_guard: 0.


Internal statistics:

num_allocs_failed_limit: 3.
num_arena_births: 1024.
num_arena_deaths: 0.
num_vsnodes_births: 2.
num_vsnodes_deaths: 0.
num_space_committed: 1084.
num_space_uncommitted: 0.
num_chunks_returned_to_freelist: 3.
num_chunks_taken_from_freelist: 3514.
num_chunk_merges: 0.
num_chunk_splits: 2530.
num_chunks_enlarged: 1972.
num_inconsistent_stats: 0.

CodeHeap 'non-profiled nmethods': size=120000Kb used=2926Kb max_used=2926Kb free=117073Kb
 bounds [0x000001915d070000, 0x000001915d350000, 0x00000191645a0000]
CodeHeap 'profiled nmethods': size=120000Kb used=10264Kb max_used=10296Kb free=109735Kb
 bounds [0x00000191555a0000, 0x0000019155fb0000, 0x000001915cad0000]
CodeHeap 'non-nmethods': size=5760Kb used=1659Kb max_used=1718Kb free=4100Kb
 bounds [0x000001915cad0000, 0x000001915cd40000, 0x000001915d070000]
 total_blobs=5939 nmethods=5237 adapters=606
 compilation: enabled
              stopped_count=0, restarted_count=0
 full_count=0

Compilation events (20 events):
Event: 21.576 Thread 0x0000019168311d00 nmethod 6266 0x0000019155732290 code [0x0000019155732460, 0x0000019155732588]
Event: 21.583 Thread 0x0000019168311d00 6267       2       java.util.concurrent.atomic.AtomicReferenceArray::get (12 bytes)
Event: 21.584 Thread 0x0000019168311d00 nmethod 6267 0x0000019155731a90 code [0x0000019155731c80, 0x0000019155732038]
Event: 21.584 Thread 0x0000019168311d00 6268       2       java.lang.invoke.VarHandleGuards::guard_LI_L (89 bytes)
Event: 21.586 Thread 0x0000019168311d00 nmethod 6268 0x0000019155730610 code [0x00000191557308e0, 0x0000019155731428]
Event: 21.590 Thread 0x0000019168311d00 6269       2       org.springframework.core.MethodParameter::getMethodAnnotations (14 bytes)
Event: 21.590 Thread 0x0000019168311d00 nmethod 6269 0x0000019155730190 code [0x0000019155730340, 0x00000191557304b0]
Event: 21.598 Thread 0x0000019168311d00 6270       3       java.lang.String::hashCode (60 bytes)
Event: 21.598 Thread 0x0000019168311d00 nmethod 6270 0x000001915572fb90 code [0x000001915572fd60, 0x00000191557300c0]
Event: 21.599 Thread 0x0000019168311d00 6271       2       org.springframework.core.MethodParameter::getParameterType (48 bytes)
Event: 21.600 Thread 0x0000019168311d00 nmethod 6271 0x000001915572f590 code [0x000001915572f780, 0x000001915572fa20]
Event: 21.601 Thread 0x0000019168311d00 6272       2       org.springframework.util.CollectionUtils::newLinkedHashMap (14 bytes)
Event: 21.601 Thread 0x0000019168311d00 nmethod 6272 0x000001915572f090 code [0x000001915572f280, 0x000001915572f460]
Event: 21.602 Thread 0x0000019168311d00 6273       1       java.lang.Thread::threadId (5 bytes)
Event: 21.602 Thread 0x0000019168311d00 nmethod 6273 0x000001915d34b790 code [0x000001915d34b920, 0x000001915d34b9e8]
Event: 21.612 Thread 0x0000019168311d00 6274       2       org.springframework.beans.propertyeditors.ClassEditor::<init> (20 bytes)
Event: 21.612 Thread 0x0000019168311d00 nmethod 6274 0x000001915572ec10 code [0x000001915572edc0, 0x000001915572efb0]
Event: 21.612 Thread 0x0000019168311d00 6275       2       org.springframework.beans.propertyeditors.ClassArrayEditor::<init> (20 bytes)
Event: 21.612 Thread 0x0000019168311d00 nmethod 6275 0x000001915572e790 code [0x000001915572e940, 0x000001915572eb30]
Event: 21.612 Thread 0x0000019168311d00 6276       2       java.lang.reflect.Executable::sharedGetParameterAnnotations (96 bytes)

GC Heap History (20 events):
Event: 12.505 GC heap after
{Heap after GC invocations=12 (full 0):
 garbage-first heap   total 57344K, used 30883K [0x00000000c8e00000, 0x0000000100000000)
  region size 1024K, 1 young (1024K), 1 survivors (1024K)
 Metaspace       used 34442K, committed 35008K, reserved 1114112K
  class space    used 4375K, committed 4608K, reserved 1048576K
}
Event: 13.136 GC heap before
{Heap before GC invocations=13 (full 0):
 garbage-first heap   total 60416K, used 52387K [0x00000000c8e00000, 0x0000000100000000)
  region size 1024K, 20 young (20480K), 1 survivors (1024K)
 Metaspace       used 36510K, committed 37056K, reserved 1114112K
  class space    used 4601K, committed 4864K, reserved 1048576K
}
Event: 13.140 GC heap after
{Heap after GC invocations=14 (full 0):
 garbage-first heap   total 60416K, used 30793K [0x00000000c8e00000, 0x0000000100000000)
  region size 1024K, 2 young (2048K), 2 survivors (2048K)
 Metaspace       used 36510K, committed 37056K, reserved 1114112K
  class space    used 4601K, committed 4864K, reserved 1048576K
}
Event: 13.951 GC heap before
{Heap before GC invocations=14 (full 0):
 garbage-first heap   total 60416K, used 53321K [0x00000000c8e00000, 0x0000000100000000)
  region size 1024K, 24 young (24576K), 2 survivors (2048K)
 Metaspace       used 41566K, committed 42048K, reserved 1114112K
  class space    used 5175K, committed 5376K, reserved 1048576K
}
Event: 13.961 GC heap after
{Heap after GC invocations=15 (full 0):
 garbage-first heap   total 60416K, used 31828K [0x00000000c8e00000, 0x0000000100000000)
  region size 1024K, 3 young (3072K), 3 survivors (3072K)
 Metaspace       used 41566K, committed 42048K, reserved 1114112K
  class space    used 5175K, committed 5376K, reserved 1048576K
}
Event: 14.842 GC heap before
{Heap before GC invocations=15 (full 0):
 garbage-first heap   total 60416K, used 52308K [0x00000000c8e00000, 0x0000000100000000)
  region size 1024K, 23 young (23552K), 3 survivors (3072K)
 Metaspace       used 44685K, committed 45312K, reserved 1114112K
  class space    used 5584K, committed 5888K, reserved 1048576K
}
Event: 14.850 GC heap after
{Heap after GC invocations=16 (full 0):
 garbage-first heap   total 60416K, used 33495K [0x00000000c8e00000, 0x0000000100000000)
  region size 1024K, 2 young (2048K), 2 survivors (2048K)
 Metaspace       used 44685K, committed 45312K, reserved 1114112K
  class space    used 5584K, committed 5888K, reserved 1048576K
}
Event: 15.731 GC heap before
{Heap before GC invocations=17 (full 0):
 garbage-first heap   total 60416K, used 51927K [0x00000000c8e00000, 0x0000000100000000)
  region size 1024K, 21 young (21504K), 2 survivors (2048K)
 Metaspace       used 49948K, committed 50560K, reserved 1114112K
  class space    used 6426K, committed 6720K, reserved 1048576K
}
Event: 15.737 GC heap after
{Heap after GC invocations=18 (full 0):
 garbage-first heap   total 60416K, used 33303K [0x00000000c8e00000, 0x0000000100000000)
  region size 1024K, 3 young (3072K), 3 survivors (3072K)
 Metaspace       used 49948K, committed 50560K, reserved 1114112K
  class space    used 6426K, committed 6720K, reserved 1048576K
}
Event: 16.598 GC heap before
{Heap before GC invocations=18 (full 0):
 garbage-first heap   total 60416K, used 50711K [0x00000000c8e00000, 0x0000000100000000)
  region size 1024K, 21 young (21504K), 3 survivors (3072K)
 Metaspace       used 54997K, committed 55616K, reserved 1114112K
  class space    used 7064K, committed 7360K, reserved 1048576K
}
Event: 16.605 GC heap after
{Heap after GC invocations=19 (full 0):
 garbage-first heap   total 60416K, used 33808K [0x00000000c8e00000, 0x0000000100000000)
  region size 1024K, 2 young (2048K), 2 survivors (2048K)
 Metaspace       used 54997K, committed 55616K, reserved 1114112K
  class space    used 7064K, committed 7360K, reserved 1048576K
}
Event: 17.573 GC heap before
{Heap before GC invocations=19 (full 0):
 garbage-first heap   total 60416K, used 52240K [0x00000000c8e00000, 0x0000000100000000)
  region size 1024K, 21 young (21504K), 2 survivors (2048K)
 Metaspace       used 61270K, committed 61952K, reserved 1114112K
  class space    used 8144K, committed 8448K, reserved 1048576K
}
Event: 17.578 GC heap after
{Heap after GC invocations=20 (full 0):
 garbage-first heap   total 60416K, used 34838K [0x00000000c8e00000, 0x0000000100000000)
  region size 1024K, 2 young (2048K), 2 survivors (2048K)
 Metaspace       used 61270K, committed 61952K, reserved 1114112K
  class space    used 8144K, committed 8448K, reserved 1048576K
}
Event: 19.023 GC heap before
{Heap before GC invocations=21 (full 0):
 garbage-first heap   total 61440K, used 53270K [0x00000000c8e00000, 0x0000000100000000)
  region size 1024K, 21 young (21504K), 2 survivors (2048K)
 Metaspace       used 64101K, committed 64704K, reserved 1114112K
  class space    used 8620K, committed 8896K, reserved 1048576K
}
Event: 19.031 GC heap after
{Heap after GC invocations=22 (full 0):
 garbage-first heap   total 61440K, used 35349K [0x00000000c8e00000, 0x0000000100000000)
  region size 1024K, 3 young (3072K), 3 survivors (3072K)
 Metaspace       used 64101K, committed 64704K, reserved 1114112K
  class space    used 8620K, committed 8896K, reserved 1048576K
}
Event: 19.613 GC heap before
{Heap before GC invocations=22 (full 0):
 garbage-first heap   total 61440K, used 53781K [0x00000000c8e00000, 0x0000000100000000)
  region size 1024K, 21 young (21504K), 3 survivors (3072K)
 Metaspace       used 64892K, committed 65536K, reserved 1114112K
  class space    used 8738K, committed 9024K, reserved 1048576K
}
Event: 19.630 GC heap after
{Heap after GC invocations=23 (full 0):
 garbage-first heap   total 61440K, used 36490K [0x00000000c8e00000, 0x0000000100000000)
  region size 1024K, 3 young (3072K), 3 survivors (3072K)
 Metaspace       used 64892K, committed 65536K, reserved 1114112K
  class space    used 8738K, committed 9024K, reserved 1048576K
}
Event: 20.254 GC heap before
{Heap before GC invocations=23 (full 0):
 garbage-first heap   total 61440K, used 54922K [0x00000000c8e00000, 0x0000000100000000)
  region size 1024K, 21 young (21504K), 3 survivors (3072K)
 Metaspace       used 67398K, committed 68096K, reserved 1114112K
  class space    used 9061K, committed 9408K, reserved 1048576K
}
Event: 20.268 GC heap after
{Heap after GC invocations=24 (full 0):
 garbage-first heap   total 61440K, used 38507K [0x00000000c8e00000, 0x0000000100000000)
  region size 1024K, 2 young (2048K), 2 survivors (2048K)
 Metaspace       used 67398K, committed 68096K, reserved 1114112K
  class space    used 9061K, committed 9408K, reserved 1048576K
}
Event: 21.613 GC heap before
{Heap before GC invocations=25 (full 0):
 garbage-first heap   total 70656K, used 54891K [0x00000000c8e00000, 0x0000000100000000)
  region size 1024K, 18 young (18432K), 2 survivors (2048K)
 Metaspace       used 68602K, committed 69376K, reserved 1114112K
  class space    used 9254K, committed 9600K, reserved 1048576K
}

Dll operation events (14 events):
Event: 0.106 Loaded shared library C:\Users\prateek\.jdks\openjdk-21.0.2\bin\java.dll
Event: 0.401 Loaded shared library C:\Users\prateek\.jdks\openjdk-21.0.2\bin\jsvml.dll
Event: 1.056 Loaded shared library C:\Users\prateek\.jdks\openjdk-21.0.2\bin\zip.dll
Event: 1.070 Loaded shared library C:\Users\prateek\.jdks\openjdk-21.0.2\bin\instrument.dll
Event: 1.105 Loaded shared library C:\Users\prateek\.jdks\openjdk-21.0.2\bin\net.dll
Event: 1.116 Loaded shared library C:\Users\prateek\.jdks\openjdk-21.0.2\bin\nio.dll
Event: 1.130 Loaded shared library C:\Users\prateek\.jdks\openjdk-21.0.2\bin\zip.dll
Event: 1.267 Loaded shared library C:\Users\prateek\.jdks\openjdk-21.0.2\bin\jimage.dll
Event: 1.639 Loaded shared library C:\Program Files\JetBrains\IntelliJ IDEA Community Edition 2023.2.4\bin\breakgen64.dll
Event: 1.671 Loaded shared library C:\Users\prateek\.jdks\openjdk-21.0.2\bin\extnet.dll
Event: 2.638 Loaded shared library C:\Users\prateek\.jdks\openjdk-21.0.2\bin\management.dll
Event: 2.644 Loaded shared library C:\Users\prateek\.jdks\openjdk-21.0.2\bin\management_ext.dll
Event: 5.689 Loaded shared library C:\Users\prateek\.jdks\openjdk-21.0.2\bin\sunmscapi.dll
Event: 15.249 Loaded shared library C:\Users\prateek\.jdks\openjdk-21.0.2\bin\verify.dll

Deoptimization events (20 events):
Event: 21.252 Thread 0x000001916dace120 Uncommon trap: trap_request=0xffffffc6 fr.pc=0x000001915d31d0c8 relative=0x0000000000002f08
Event: 21.252 Thread 0x000001916dace120 Uncommon trap: reason=bimorphic_or_optimized_type_check action=maybe_recompile pc=0x000001915d31d0c8 method=org.springframework.core.annotation.AnnotationsScanner.processClassHierarchy(Ljava/lang/Object;[ILjava/lang/Class;Lorg/springframework/core/annotat
Event: 21.252 Thread 0x000001916dace120 DEOPT PACKING pc=0x000001915d31d0c8 sp=0x000000235b0fd890
Event: 21.252 Thread 0x000001916dace120 DEOPT UNPACKING pc=0x000001915cb246a2 sp=0x000000235b0fd8d8 mode 2
Event: 21.302 Thread 0x000001916dace120 Uncommon trap: trap_request=0xffffffc6 fr.pc=0x000001915d2129d8 relative=0x00000000000003f8
Event: 21.302 Thread 0x000001916dace120 Uncommon trap: reason=bimorphic_or_optimized_type_check action=maybe_recompile pc=0x000001915d2129d8 method=java.util.ImmutableCollections$MapN.probe(Ljava/lang/Object;)I @ 1 c2
Event: 21.302 Thread 0x000001916dace120 DEOPT PACKING pc=0x000001915d2129d8 sp=0x000000235b0fdf90
Event: 21.302 Thread 0x000001916dace120 DEOPT UNPACKING pc=0x000001915cb246a2 sp=0x000000235b0fdf30 mode 2
Event: 21.302 Thread 0x000001916dace120 Uncommon trap: trap_request=0xffffffc6 fr.pc=0x000001915d2129d8 relative=0x00000000000003f8
Event: 21.302 Thread 0x000001916dace120 Uncommon trap: reason=bimorphic_or_optimized_type_check action=maybe_recompile pc=0x000001915d2129d8 method=java.util.ImmutableCollections$MapN.probe(Ljava/lang/Object;)I @ 1 c2
Event: 21.302 Thread 0x000001916dace120 DEOPT PACKING pc=0x000001915d2129d8 sp=0x000000235b0fdf90
Event: 21.302 Thread 0x000001916dace120 DEOPT UNPACKING pc=0x000001915cb246a2 sp=0x000000235b0fdf30 mode 2
Event: 21.347 Thread 0x000001916dace120 Uncommon trap: trap_request=0xffffff45 fr.pc=0x000001915d2dfbb4 relative=0x0000000000002f54
Event: 21.347 Thread 0x000001916dace120 Uncommon trap: reason=unstable_if action=reinterpret pc=0x000001915d2dfbb4 method=org.springframework.beans.factory.support.AbstractBeanFactory.isTypeMatch(Ljava/lang/String;Lorg/springframework/core/ResolvableType;Z)Z @ 35 c2
Event: 21.347 Thread 0x000001916dace120 DEOPT PACKING pc=0x000001915d2dfbb4 sp=0x000000235b0fdd60
Event: 21.347 Thread 0x000001916dace120 DEOPT UNPACKING pc=0x000001915cb246a2 sp=0x000000235b0fdd00 mode 2
Event: 21.592 Thread 0x000001916dace120 Uncommon trap: trap_request=0xffffff45 fr.pc=0x000001915d07b048 relative=0x00000000000000a8
Event: 21.592 Thread 0x000001916dace120 Uncommon trap: reason=unstable_if action=reinterpret pc=0x000001915d07b048 method=java.lang.String.isLatin1()Z @ 10 c2
Event: 21.592 Thread 0x000001916dace120 DEOPT PACKING pc=0x000001915d07b048 sp=0x000000235b0fb1b0
Event: 21.592 Thread 0x000001916dace120 DEOPT UNPACKING pc=0x000001915cb246a2 sp=0x000000235b0fb0e0 mode 2

Classes loaded (20 events):
Event: 19.292 Loading class java/util/EnumMap$EntrySet
Event: 19.293 Loading class java/util/EnumMap$EntrySet done
Event: 19.293 Loading class java/util/EnumMap$EntryIterator
Event: 19.293 Loading class java/util/EnumMap$EnumMapIterator
Event: 19.293 Loading class java/util/EnumMap$EnumMapIterator done
Event: 19.293 Loading class java/util/EnumMap$EntryIterator done
Event: 19.330 Loading class java/util/concurrent/ConcurrentHashMap$TreeNode
Event: 19.331 Loading class java/util/concurrent/ConcurrentHashMap$TreeNode done
Event: 19.331 Loading class java/util/concurrent/ConcurrentHashMap$TreeBin
Event: 19.332 Loading class java/util/concurrent/ConcurrentHashMap$TreeBin done
Event: 20.095 Loading class java/lang/Package$1PackageInfoProxy
Event: 20.095 Loading class java/lang/Package$1PackageInfoProxy done
Event: 20.534 Loading class java/lang/invoke/WrongMethodTypeException
Event: 20.534 Loading class java/lang/invoke/WrongMethodTypeException done
Event: 21.205 Loading class java/util/regex/PatternSyntaxException
Event: 21.206 Loading class java/util/regex/PatternSyntaxException done
Event: 21.219 Loading class java/util/Comparators$NullComparator
Event: 21.220 Loading class java/util/Comparators$NullComparator done
Event: 21.301 Loading class java/util/HashMap$EntrySpliterator
Event: 21.301 Loading class java/util/HashMap$EntrySpliterator done

Classes unloaded (0 events):
No events

Classes redefined (0 events):
No events

Internal exceptions (20 events):
Event: 17.795 Thread 0x000001916dace120 Exception <a 'java/lang/NoSuchMethodError'{0x00000000cc6abb28}: 'java.lang.Object java.lang.invoke.Invokers$Holder.linkToTargetMethod(java.lang.Object, java.lang.Object, java.lang.Object, java.lang.Object, java.lang.Object, java.lang.Object, java.lang.Object, java.lang.Object, java.lang.Object, java.lang.Object, java.lang.Object, java.lang.Object)'> (0x00000000cc6abb28) 
thrown [s\open\src\hotspot\share\interpreter\linkResolver.cpp, line 773]
Event: 17.963 Thread 0x000001916dace120 Exception <a 'java/lang/NoSuchMethodError'{0x00000000cc49db18}: 'java.lang.Object java.lang.invoke.DirectMethodHandle$Holder.newInvokeSpecial(java.lang.Object, java.lang.Object, java.lang.Object, java.lang.Object, java.lang.Object, java.lang.Object, java.lang.Object, int)'> (0x00000000cc49db18) 
thrown [s\open\src\hotspot\share\interpreter\linkResolver.cpp, line 773]
Event: 17.963 Thread 0x000001916dace120 Exception <a 'java/lang/NoSuchMethodError'{0x00000000cc4a2078}: 'java.lang.Object java.lang.invoke.DirectMethodHandle$Holder.invokeSpecial(java.lang.Object, java.lang.Object, java.lang.Object, java.lang.Object, java.lang.Object, java.lang.Object, java.lang.Object, java.lang.Object, int)'> (0x00000000cc4a2078) 
thrown [s\open\src\hotspot\share\interpreter\linkResolver.cpp, line 773]
Event: 17.964 Thread 0x000001916dace120 Exception <a 'java/lang/NoSuchMethodError'{0x00000000cc4a6090}: 'java.lang.Object java.lang.invoke.Invokers$Holder.linkToTargetMethod(java.lang.Object, java.lang.Object, java.lang.Object, java.lang.Object, java.lang.Object, java.lang.Object, int, java.lang.Object)'> (0x00000000cc4a6090) 
thrown [s\open\src\hotspot\share\interpreter\linkResolver.cpp, line 773]
Event: 17.987 Thread 0x000001916dace120 Exception <a 'java/lang/NoSuchMethodError'{0x00000000cc346e68}: 'void java.lang.invoke.DirectMethodHandle$Holder.invokeInterface(java.lang.Object, java.lang.Object)'> (0x00000000cc346e68) 
thrown [s\open\src\hotspot\share\interpreter\linkResolver.cpp, line 773]
Event: 18.163 Thread 0x000001916dace120 Exception <a 'java/lang/NoSuchMethodError'{0x00000000cbf493e8}: 'void java.lang.invoke.Invokers$Holder.invokeExact_MT(java.lang.Object, java.lang.Object, java.lang.Object, java.lang.Object)'> (0x00000000cbf493e8) 
thrown [s\open\src\hotspot\share\interpreter\linkResolver.cpp, line 773]
Event: 18.501 Thread 0x000001916dace120 Implicit null exception at 0x000001915d1ebbf7 to 0x000001915d1ebe68
Event: 18.795 Thread 0x000001916dace120 Exception <a 'java/lang/NoSuchMethodError'{0x00000000cbaa00a0}: 'java.lang.Object java.lang.invoke.DirectMethodHandle$Holder.newInvokeSpecial(java.lang.Object, java.lang.Object, java.lang.Object, java.lang.Object, java.lang.Object, java.lang.Object, java.lang.Object, java.lang.Object)'> (0x00000000cbaa00a0) 
thrown [s\open\src\hotspot\share\interpreter\linkResolver.cpp, line 773]
Event: 19.109 Thread 0x000001916dace120 Exception <a 'java/lang/NoSuchMethodError'{0x00000000cc854ac8}: 'java.lang.Object java.lang.invoke.DirectMethodHandle$Holder.newInvokeSpecial(java.lang.Object, java.lang.Object, java.lang.Object, java.lang.Object, java.lang.Object, java.lang.Object, java.lang.Object, java.lang.Object, java.lang.Object)'> (0x00000000cc854ac8) 
thrown [s\open\src\hotspot\share\interpreter\linkResolver.cpp, line 773]
Event: 19.117 Thread 0x000001916dace120 Exception <a 'java/lang/IncompatibleClassChangeError'{0x00000000cc8a6a28}: Found class java.lang.Object, but interface was expected> (0x00000000cc8a6a28) 
thrown [s\open\src\hotspot\share\interpreter\linkResolver.cpp, line 840]
Event: 19.332 Thread 0x000001916dace120 Exception <a 'java/lang/IncompatibleClassChangeError'{0x00000000cc3efdb8}: Found class java.lang.Object, but interface was expected> (0x00000000cc3efdb8) 
thrown [s\open\src\hotspot\share\interpreter\linkResolver.cpp, line 840]
Event: 19.519 Thread 0x000001916dace120 Exception <a 'java/lang/IncompatibleClassChangeError'{0x00000000cba2a050}: Found class java.lang.Object, but interface was expected> (0x00000000cba2a050) 
thrown [s\open\src\hotspot\share\interpreter\linkResolver.cpp, line 840]
Event: 19.767 Thread 0x000001916dace120 Implicit null exception at 0x000001915d21634c to 0x000001915d217dcc
Event: 19.788 Thread 0x000001916dace120 Exception <a 'java/lang/IncompatibleClassChangeError'{0x00000000cc3b5270}: Found class java.lang.Object, but interface was expected> (0x00000000cc3b5270) 
thrown [s\open\src\hotspot\share\interpreter\linkResolver.cpp, line 840]
Event: 19.801 Thread 0x000001916dace120 Exception <a 'java/lang/NoSuchMethodError'{0x00000000cc206bf8}: 'java.lang.Object java.lang.invoke.DirectMethodHandle$Holder.invokeSpecialIFC(java.lang.Object, java.lang.Object, java.lang.Object)'> (0x00000000cc206bf8) 
thrown [s\open\src\hotspot\share\interpreter\linkResolver.cpp, line 773]
Event: 20.079 Thread 0x000001916dace120 Exception <a 'java/lang/IncompatibleClassChangeError'{0x00000000cbdf9428}: Found class java.lang.Object, but interface was expected> (0x00000000cbdf9428) 
thrown [s\open\src\hotspot\share\interpreter\linkResolver.cpp, line 840]
Event: 20.241 Thread 0x000001916dace120 Exception <a 'java/lang/NoSuchMethodError'{0x00000000cb863738}: 'java.lang.Object java.lang.invoke.DirectMethodHandle$Holder.invokeVirtual(java.lang.Object, java.lang.Object, int)'> (0x00000000cb863738) 
thrown [s\open\src\hotspot\share\interpreter\linkResolver.cpp, line 773]
Event: 20.477 Thread 0x000001916dace120 Exception <a 'java/lang/NoSuchMethodError'{0x00000000cc7f4e20}: 'java.lang.Object java.lang.invoke.DirectMethodHandle$Holder.invokeVirtual(java.lang.Object, java.lang.Object, java.lang.Object, java.lang.Object, java.lang.Object, java.lang.Object, java.lang.Object, java.lang.Object)'> (0x00000000cc7f4e20) 
thrown [s\open\src\hotspot\share\interpreter\linkResolver.cpp, line 773]
Event: 20.533 Thread 0x000001916dace120 Implicit null exception at 0x000001915d1a3248 to 0x000001915d1a3304
Event: 20.533 Thread 0x000001916dace120 Implicit null exception at 0x000001915d2823bf to 0x000001915d2828bb

ZGC Phase Switch (0 events):
No events

VM Operations (20 events):
Event: 19.986 Executing VM operation: HandshakeAllThreads (Deoptimize) done
Event: 20.103 Executing VM operation: HandshakeAllThreads (Deoptimize)
Event: 20.103 Executing VM operation: HandshakeAllThreads (Deoptimize) done
Event: 20.105 Executing VM operation: HandshakeAllThreads (Deoptimize)
Event: 20.105 Executing VM operation: HandshakeAllThreads (Deoptimize) done
Event: 20.254 Executing VM operation: G1CollectForAllocation (G1 Evacuation Pause)
Event: 20.268 Executing VM operation: G1CollectForAllocation (G1 Evacuation Pause) done
Event: 20.365 Executing VM operation: G1PauseRemark
Event: 20.373 Executing VM operation: G1PauseRemark done
Event: 20.411 Executing VM operation: G1PauseCleanup
Event: 20.412 Executing VM operation: G1PauseCleanup done
Event: 20.653 Executing VM operation: HandshakeAllThreads (Deoptimize)
Event: 20.653 Executing VM operation: HandshakeAllThreads (Deoptimize) done
Event: 21.159 Executing VM operation: HandshakeAllThreads (Deoptimize)
Event: 21.159 Executing VM operation: HandshakeAllThreads (Deoptimize) done
Event: 21.260 Executing VM operation: HandshakeAllThreads (Deoptimize)
Event: 21.260 Executing VM operation: HandshakeAllThreads (Deoptimize) done
Event: 21.263 Executing VM operation: HandshakeAllThreads (Deoptimize)
Event: 21.263 Executing VM operation: HandshakeAllThreads (Deoptimize) done
Event: 21.613 Executing VM operation: G1CollectForAllocation (G1 Evacuation Pause)

Events (20 events):
Event: 20.372 Thread 0x000001914ba54a10 flushing nmethod 0x0000019155743090
Event: 20.372 Thread 0x000001914ba54a10 flushing nmethod 0x000001915573e910
Event: 20.372 Thread 0x000001914ba54a10 flushing nmethod 0x000001915573c390
Event: 20.372 Thread 0x000001914ba54a10 flushing nmethod 0x0000019155723f90
Event: 20.372 Thread 0x000001914ba54a10 flushing nmethod 0x00000191556f3e90
Event: 20.372 Thread 0x000001914ba54a10 flushing nmethod 0x000001915573b390
Event: 20.372 Thread 0x000001914ba54a10 flushing nmethod 0x000001915570d110
Event: 20.372 Thread 0x000001914ba54a10 flushing nmethod 0x0000019155706a90
Event: 20.372 Thread 0x000001914ba54a10 flushing nmethod 0x0000019155701b90
Event: 20.372 Thread 0x000001914ba54a10 flushing nmethod 0x00000191556c8410
Event: 20.372 Thread 0x000001914ba54a10 flushing nmethod 0x00000191556a2110
Event: 20.372 Thread 0x000001914ba54a10 flushing nmethod 0x000001915568c310
Event: 20.372 Thread 0x000001914ba54a10 flushing nmethod 0x0000019155698190
Event: 20.372 Thread 0x000001914ba54a10 flushing nmethod 0x00000191556a3210
Event: 20.372 Thread 0x000001914ba54a10 flushing nmethod 0x000001915563d510
Event: 20.372 Thread 0x000001914ba54a10 flushing nmethod 0x000001915562d690
Event: 20.372 Thread 0x000001914ba54a10 flushing nmethod 0x000001915d2b7e90
Event: 20.372 Thread 0x000001914ba54a10 flushing nmethod 0x000001915d1dc710
Event: 20.372 Thread 0x000001914ba54a10 flushing nmethod 0x000001915d1cfd10
Event: 20.372 Thread 0x000001914ba54a10 flushing nmethod 0x000001915d125490


Dynamic libraries:
0x00007ff7abad0000 - 0x00007ff7abade000 	C:\Users\prateek\.jdks\openjdk-21.0.2\bin\java.exe
0x00007fffb0be0000 - 0x00007fffb0de9000 	C:\WINDOWS\SYSTEM32\ntdll.dll
0x00007fffaf7a0000 - 0x00007fffaf85d000 	C:\WINDOWS\System32\KERNEL32.DLL
0x00007fffae070000 - 0x00007fffae3f4000 	C:\WINDOWS\System32\KERNELBASE.dll
0x00007fffae690000 - 0x00007fffae7a1000 	C:\WINDOWS\System32\ucrtbase.dll
0x00007fffa2050000 - 0x00007fffa206b000 	C:\Users\prateek\.jdks\openjdk-21.0.2\bin\VCRUNTIME140.dll
0x00007fffa2cc0000 - 0x00007fffa2cd8000 	C:\Users\prateek\.jdks\openjdk-21.0.2\bin\jli.dll
0x00007fffb05c0000 - 0x00007fffb076d000 	C:\WINDOWS\System32\USER32.dll
0x00007fffae570000 - 0x00007fffae596000 	C:\WINDOWS\System32\win32u.dll
0x00007fffaf560000 - 0x00007fffaf58a000 	C:\WINDOWS\System32\GDI32.dll
0x00007fffae850000 - 0x00007fffae96e000 	C:\WINDOWS\System32\gdi32full.dll
0x00007fffae7b0000 - 0x00007fffae84d000 	C:\WINDOWS\System32\msvcp_win.dll
0x00007fff958e0000 - 0x00007fff95b85000 	C:\WINDOWS\WinSxS\amd64_microsoft.windows.common-controls_6595b64144ccf1df_6.0.22000.120_none_9d947278b86cc467\COMCTL32.dll
0x00007fffaf490000 - 0x00007fffaf533000 	C:\WINDOWS\System32\msvcrt.dll
0x00007fffb0410000 - 0x00007fffb0441000 	C:\WINDOWS\System32\IMM32.DLL
0x00007fffa8590000 - 0x00007fffa859c000 	C:\Users\prateek\.jdks\openjdk-21.0.2\bin\vcruntime140_1.dll
0x00007fff92cf0000 - 0x00007fff92d7e000 	C:\Users\prateek\.jdks\openjdk-21.0.2\bin\msvcp140.dll
0x00007fff22f80000 - 0x00007fff23c97000 	C:\Users\prateek\.jdks\openjdk-21.0.2\bin\server\jvm.dll
0x00007fffafce0000 - 0x00007fffafd8e000 	C:\WINDOWS\System32\ADVAPI32.dll
0x00007fffb0af0000 - 0x00007fffb0b8e000 	C:\WINDOWS\System32\sechost.dll
0x00007fffb0160000 - 0x00007fffb0281000 	C:\WINDOWS\System32\RPCRT4.dll
0x00007fffaf3b0000 - 0x00007fffaf41f000 	C:\WINDOWS\System32\WS2_32.dll
0x00007fffa83d0000 - 0x00007fffa8403000 	C:\WINDOWS\SYSTEM32\WINMM.dll
0x00007fffadf40000 - 0x00007fffadf8d000 	C:\WINDOWS\SYSTEM32\POWRPROF.dll
0x00007fffa4dd0000 - 0x00007fffa4dda000 	C:\WINDOWS\SYSTEM32\VERSION.dll
0x00007fffadf20000 - 0x00007fffadf33000 	C:\WINDOWS\SYSTEM32\UMPDC.dll
0x00007fffad0e0000 - 0x00007fffad0f8000 	C:\WINDOWS\SYSTEM32\kernel.appcore.dll
0x00007fffa2040000 - 0x00007fffa204a000 	C:\Users\prateek\.jdks\openjdk-21.0.2\bin\jimage.dll
0x00007fffa4de0000 - 0x00007fffa5001000 	C:\WINDOWS\SYSTEM32\DBGHELP.DLL
0x00007fff961f0000 - 0x00007fff96221000 	C:\WINDOWS\SYSTEM32\dbgcore.DLL
0x00007fffae610000 - 0x00007fffae68f000 	C:\WINDOWS\System32\bcryptPrimitives.dll
0x00007fffa1d20000 - 0x00007fffa1d2f000 	C:\Users\prateek\.jdks\openjdk-21.0.2\bin\instrument.dll
0x00007fffa2020000 - 0x00007fffa203f000 	C:\Users\prateek\.jdks\openjdk-21.0.2\bin\java.dll
0x00007fffaeb30000 - 0x00007fffaf2f5000 	C:\WINDOWS\System32\SHELL32.dll
0x00007fffac140000 - 0x00007fffac9a2000 	C:\WINDOWS\SYSTEM32\windows.storage.dll
0x00007fffb0770000 - 0x00007fffb0ae6000 	C:\WINDOWS\System32\combase.dll
0x00007fffabfd0000 - 0x00007fffac137000 	C:\WINDOWS\SYSTEM32\wintypes.dll
0x00007fffaea40000 - 0x00007fffaeb2a000 	C:\WINDOWS\System32\SHCORE.dll
0x00007fffb0300000 - 0x00007fffb035d000 	C:\WINDOWS\System32\shlwapi.dll
0x00007fffadfa0000 - 0x00007fffadfc5000 	C:\WINDOWS\SYSTEM32\profapi.dll
0x00007fff78270000 - 0x00007fff78347000 	C:\Users\prateek\.jdks\openjdk-21.0.2\bin\jsvml.dll
0x00007fff98d40000 - 0x00007fff98d58000 	C:\Users\prateek\.jdks\openjdk-21.0.2\bin\zip.dll
0x00007fffa2010000 - 0x00007fffa2020000 	C:\Users\prateek\.jdks\openjdk-21.0.2\bin\net.dll
0x00007fffa80a0000 - 0x00007fffa81b4000 	C:\WINDOWS\SYSTEM32\WINHTTP.dll
0x00007fffad590000 - 0x00007fffad5f7000 	C:\WINDOWS\system32\mswsock.dll
0x00007fffa1f30000 - 0x00007fffa1f46000 	C:\Users\prateek\.jdks\openjdk-21.0.2\bin\nio.dll
0x00007fff98680000 - 0x00007fff9869a000 	C:\Program Files\JetBrains\IntelliJ IDEA Community Edition 2023.2.4\bin\breakgen64.dll
0x00007fffa2000000 - 0x00007fffa2009000 	C:\Users\prateek\.jdks\openjdk-21.0.2\bin\extnet.dll
0x00007fff99330000 - 0x00007fff9933a000 	C:\Users\prateek\.jdks\openjdk-21.0.2\bin\management.dll
0x00007fff98cb0000 - 0x00007fff98cbb000 	C:\Users\prateek\.jdks\openjdk-21.0.2\bin\management_ext.dll
0x00007fffb0450000 - 0x00007fffb0458000 	C:\WINDOWS\System32\PSAPI.DLL
0x00007fffacc00000 - 0x00007fffacc2d000 	C:\WINDOWS\SYSTEM32\IPHLPAPI.DLL
0x00007fffaea30000 - 0x00007fffaea39000 	C:\WINDOWS\System32\NSI.dll
0x00007fffacc30000 - 0x00007fffacd17000 	C:\WINDOWS\SYSTEM32\DNSAPI.dll
0x00007fff982a0000 - 0x00007fff982aa000 	C:\Windows\System32\rasadhlp.dll
0x00007fffa4cb0000 - 0x00007fffa4d31000 	C:\WINDOWS\System32\fwpuclnt.dll
0x00007fff98c70000 - 0x00007fff98c7e000 	C:\Users\prateek\.jdks\openjdk-21.0.2\bin\sunmscapi.dll
0x00007fffae400000 - 0x00007fffae562000 	C:\WINDOWS\System32\CRYPT32.dll
0x00007fffad920000 - 0x00007fffad948000 	C:\WINDOWS\SYSTEM32\ncrypt.dll
0x00007fffad8e0000 - 0x00007fffad917000 	C:\WINDOWS\SYSTEM32\NTASN1.dll
0x00007fffad7d0000 - 0x00007fffad7e8000 	C:\WINDOWS\SYSTEM32\CRYPTSP.dll
0x00007fffad040000 - 0x00007fffad075000 	C:\WINDOWS\system32\rsaenh.dll
0x00007fffad680000 - 0x00007fffad6ac000 	C:\WINDOWS\SYSTEM32\USERENV.dll
0x00007fffad950000 - 0x00007fffad977000 	C:\WINDOWS\SYSTEM32\bcrypt.dll
0x00007fffad7f0000 - 0x00007fffad7fc000 	C:\WINDOWS\SYSTEM32\CRYPTBASE.dll
0x00007fffa1ed0000 - 0x00007fffa1ee0000 	C:\Users\prateek\.jdks\openjdk-21.0.2\bin\verify.dll

dbghelp: loaded successfully - version: 4.0.5 - missing functions: none
symbol engine: initialized successfully - sym options: 0x614 - pdb path: .;C:\Users\prateek\.jdks\openjdk-21.0.2\bin;C:\WINDOWS\SYSTEM32;C:\WINDOWS\WinSxS\amd64_microsoft.windows.common-controls_6595b64144ccf1df_6.0.22000.120_none_9d947278b86cc467;C:\Users\prateek\.jdks\openjdk-21.0.2\bin\server;C:\Program Files\JetBrains\IntelliJ IDEA Community Edition 2023.2.4\bin

VM Arguments:
jvm_args: -javaagent:C:\Program Files\JetBrains\IntelliJ IDEA Community Edition 2023.2.4\lib\idea_rt.jar=51162:C:\Program Files\JetBrains\IntelliJ IDEA Community Edition 2023.2.4\bin -Dfile.encoding=UTF-8 -Dsun.stdout.encoding=UTF-8 -Dsun.stderr.encoding=UTF-8 
java_command: com.gfg_JBDL65.Order_service.OrderServiceApplication
java_class_path (initial): P:\JBDL-65(Spring,Springboot)\Spring live\L16_Secound_Service\Order_service\target\classes;C:\Users\prateek\.m2\repository\org\springframework\boot\spring-boot-starter-actuator\3.2.5\spring-boot-starter-actuator-3.2.5.jar;C:\Users\prateek\.m2\repository\org\springframework\boot\spring-boot-starter\3.2.5\spring-boot-starter-3.2.5.jar;C:\Users\prateek\.m2\repository\org\springframework\boot\spring-boot-starter-logging\3.2.5\spring-boot-starter-logging-3.2.5.jar;C:\Users\prateek\.m2\repository\ch\qos\logback\logback-classic\1.4.14\logback-classic-1.4.14.jar;C:\Users\prateek\.m2\repository\ch\qos\logback\logback-core\1.4.14\logback-core-1.4.14.jar;C:\Users\prateek\.m2\repository\org\apache\logging\log4j\log4j-to-slf4j\2.21.1\log4j-to-slf4j-2.21.1.jar;C:\Users\prateek\.m2\repository\org\apache\logging\log4j\log4j-api\2.21.1\log4j-api-2.21.1.jar;C:\Users\prateek\.m2\repository\org\slf4j\jul-to-slf4j\2.0.13\jul-to-slf4j-2.0.13.jar;C:\Users\prateek\.m2\repository\jakarta\annotation\jakarta.annotation-api\2.1.1\jakarta.annotation-api-2.1.1.jar;C:\Users\prateek\.m2\repository\org\yaml\snakeyaml\2.2\snakeyaml-2.2.jar;C:\Users\prateek\.m2\repository\org\springframework\boot\spring-boot-actuator-autoconfigure\3.2.5\spring-boot-actuator-autoconfigure-3.2.5.jar;C:\Users\prateek\.m2\repository\org\springframework\boot\spring-boot-actuator\3.2.5\spring-boot-actuator-3.2.5.jar;C:\Users\prateek\.m2\repository\com\fasterxml\jackson\core\jackson-databind\2.15.4\jackson-databind-2.15.4.jar;C:\Users\prateek\.m2\repository\com\fasterxml\jackson\datatype\jackson-datatype-jsr310\2.15.4\jackson-datatype-jsr310-2.15.4.jar;C:\Users\prateek\.m2\repository\io\micrometer\micrometer-observation\1.12.5\micrometer-observation-1.12.5.jar;C:\Users\prateek\.m2\repository\io\micrometer\micrometer-commons\1.12.5\micrometer-commons-1.12.5.jar;C:\Users\prateek\.m2\repository\io\micrometer\micrometer-jakarta9\1.12.5\micrometer-jakarta9-1.12.5.jar;C:\Users\prateek\.m2\repository\io\micrometer\micrometer-core\1.12.5\micrometer-core-1.12.5.jar;C:\Users\prateek\.m2\repository\org\hdrhistogram\HdrHistogram\2.1.12\HdrHistogram-2.1.12.jar;C:\Users\prateek\.m2\repository\org\latencyutils\LatencyUtils\2.0.3\LatencyUtils-2.0.3.jar;C:\Users\prateek\.m2\repository\org\springframework\boot\spring-boot-starter-data-jpa\3.2.5\spring-boot-starter-data-jpa-3.2.5.jar;C:\Users\prateek\.m2\repository\org\springframework\boot\spring-boot-starter-aop\3.2.5\spring-boot-starter-aop-3.2.5.jar;C:\Users\prateek\.m2\repository\org\springframework\spring-aop\6.1.6\spring-aop-6.1.6.jar;C:\Users\prateek\.m2\repository\org\aspectj\aspectjweaver\1.9.22\aspectjweaver-1.9.22.jar;C:\Users\prateek\.m2\repository\org\springframework\boot\spring-boot-starter-jdbc\3.2.5\spring-boot-starter-jdbc-3.2.5.jar;C:\Users\prateek\.m2\repository\com\zaxxer\HikariCP\5.0.1\HikariCP-5.0.1.jar;C:\Users\prateek\.m2\repository\org\springframework\spring-jdbc\6.1.6\spring-jdbc-6.1.6.jar;C:\Users\prateek\.m2\repository\org\hibernate\orm\hibernate-core\6.4.4.Final\hibernate-core-6.4.4.Final.jar;C:\Users\prateek\.m2\repository\jakarta\persistence\jakarta.persistence-api\3.1.0\jakarta.persistence-api-3.1.0.jar;C:\Users\prateek\.m2\repository\jakarta\transaction\jakarta.transaction-api\2.0.1\jakarta.transaction-api-2.0.1.jar;C:\Users\prateek\.m2\repository\org\jboss\logging\jboss-logging\3.5.3.Final\jboss-logging-3.5.3.Final.jar;C:\Users\prateek\.m2\repository\org\hibernate\common\hibernate-commons-annotations\6.0.6.Final\hibernate-commons-annotations-6.0.6.Final.jar;C:\Users\prateek\.m2\repository\io\smallrye\jandex\3.1.2\jandex-3.1.2.jar;C:\Users\prateek\.m2\repository\com\fasterxml\classmate\1.6.0\classmate-1.6.0.jar;C:\Users\prateek\.m2\repository\net\bytebuddy\byte-buddy\1.14.13\byte-buddy-1.14.13.jar;C:\Users\prateek\.m2\repository\org\glassfish\jaxb\jaxb-runtime\4.0.5\jaxb-runtime-4.0.5.jar;C:\Users\prateek\.m2\repository\org\glassfish\jaxb\jaxb-core\4.0.5\jaxb-core-4.0.5.jar;C:\Users\prateek\.m2\repository\org\eclipse\angus\angus-activation\2.0.2\angus-activation-2.0.2.jar;C:\Users\prateek\.m2\repository\org\glassfish\jaxb\txw2\4.0.5\txw2-4.0.5.jar;C:\Users\prateek\.m2\repository\com\sun\istack\istack-commons-runtime\4.1.2\istack-commons-runtime-4.1.2.jar;C:\Users\prateek\.m2\repository\jakarta\inject\jakarta.inject-api\2.0.1\jakarta.inject-api-2.0.1.jar;C:\Users\prateek\.m2\repository\org\antlr\antlr4-runtime\4.13.0\antlr4-runtime-4.13.0.jar;C:\Users\prateek\.m2\repository\org\springframework\data\spring-data-jpa\3.2.5\spring-data-jpa-3.2.5.jar;C:\Users\prateek\.m2\repository\org\springframework\data\spring-data-commons\3.2.5\spring-data-commons-3.2.5.jar;C:\Users\prateek\.m2\repository\org\springframework\spring-orm\6.1.6\spring-orm-6.1.6.jar;C:\Users\prateek\.m2\repository\org\springframework\spring-context\6.1.6\spring-context-6.1.6.jar;C:\Users\prateek\.m2\repository\org\springframework\spring-tx\6.1.6\spring-tx-6.1.6.jar;C:\Users\prateek\.m2\repository\org\springframework\spring-beans\6.1.6\spring-beans-6.1.6.jar;C:\Users\prateek\.m2\repository\org\slf4j\slf4j-api\2.0.13\slf4j-api-2.0.13.jar;C:\Users\prateek\.m2\repository\org\springframework\spring-aspects\6.1.6\spring-aspects-6.1.6.jar;C:\Users\prateek\.m2\repository\org\springframework\boot\spring-boot-starter-data-rest\3.2.5\spring-boot-starter-data-rest-3.2.5.jar;C:\Users\prateek\.m2\repository\org\springframework\data\spring-data-rest-webmvc\4.2.5\spring-data-rest-webmvc-4.2.5.jar;C:\Users\prateek\.m2\repository\org\springframework\data\spring-data-rest-core\4.2.5\spring-data-rest-core-4.2.5.jar;C:\Users\prateek\.m2\repository\org\springframework\hateoas\spring-hateoas\2.2.2\spring-hateoas-2.2.2.jar;C:\Users\prateek\.m2\repository\org\springframework\plugin\spring-plugin-core\3.0.0\spring-plugin-core-3.0.0.jar;C:\Users\prateek\.m2\repository\org\atteo\evo-inflector\1.3\evo-inflector-1.3.jar;C:\Users\prateek\.m2\repository\com\fasterxml\jackson\core\jackson-annotations\2.15.4\jackson-annotations-2.15.4.jar;C:\Users\prateek\.m2\repository\org\springframework\boot\spring-boot-starter-web\3.2.5\spring-boot-starter-web-3.2.5.jar;C:\Users\prateek\.m2\repository\org\springframework\boot\spring-boot-starter-json\3.2.5\spring-boot-starter-json-3.2.5.jar;C:\Users\prateek\.m2\repository\com\fasterxml\jackson\datatype\jackson-datatype-jdk8\2.15.4\jackson-datatype-jdk8-2.15.4.jar;C:\Users\prateek\.m2\repository\com\fasterxml\jackson\module\jackson-module-parameter-names\2.15.4\jackson-module-parameter-names-2.15.4.jar;C:\Users\prateek\.m2\repository\org\springframework\boot\spring-boot-starter-tomcat\3.2.5\spring-boot-starter-tomcat-3.2.5.jar;C:\Users\prateek\.m2\repository\org\apache\tomcat\embed\tomcat-embed-core\10.1.20\tomcat-embed-core-10.1.20.jar;C:\Users\prateek\.m2\repository\org\apache\tomcat\embed\tomcat-embed-el\10.1.20\tomcat-embed-el-10.1.20.jar;C:\Users\prateek\.m2\repository\org\apache\tomcat\embed\tomcat-embed-websocket\10.1.20\tomcat-embed-websocket-10.1.20.jar;C:\Users\prateek\.m2\repository\org\springframework\spring-web\6.1.6\spring-web-6.1.6.jar;C:\Users\prateek\.m2\repository\org\springframework\spring-webmvc\6.1.6\spring-webmvc-6.1.6.jar;C:\Users\prateek\.m2\repository\org\springframework\spring-expression\6.1.6\spring-expression-6.1.6.jar;C:\Users\prateek\.m2\repository\org\springframework\cloud\spring-cloud-starter-netflix-eureka-client\4.1.1\spring-cloud-starter-netflix-eureka-client-4.1.1.jar;C:\Users\prateek\.m2\repository\org\springframework\cloud\spring-cloud-starter\4.1.2\spring-cloud-starter-4.1.2.jar;C:\Users\prateek\.m2\repository\org\springframework\cloud\spring-cloud-context\4.1.2\spring-cloud-context-4.1.2.jar;C:\Users\prateek\.m2\repository\org\springframework\security\spring-security-crypto\6.2.4\spring-security-crypto-6.2.4.jar;C:\Users\prateek\.m2\repository\org\springframework\cloud\spring-cloud-commons\4.1.2\spring-cloud-commons-4.1.2.jar;C:\Users\prateek\.m2\repository\org\springframework\security\spring-security-rsa\1.1.2\spring-security-rsa-1.1.2.jar;C:\Users\prateek\.m2\repository\org\bouncycastle\bcprov-jdk18on\1.77\bcprov-jdk18on-1.77.jar;C:\Users\prateek\.m2\repository\org\springframework\cloud\spring-cloud-netflix-eureka-client\4.1.1\spring-cloud-netflix-eureka-client-4.1.1.jar;C:\Users\prateek\.m2\repository\org\apache\httpcomponents\client5\httpclient5\5.2.3\httpclient5-5.2.3.jar;C:\Users\prateek\.m2\repository\org\apache\httpcomponents\core5\httpcore5\5.2.4\httpcore5-5.2.4.jar;C:\Users\prateek\.m2\repository\org\apache\httpcomponents\core5\httpcore5-h2\5.2.4\httpcore5-h2-5.2.4.jar;C:\Users\prateek\.m2\repository\com\netflix\eureka\eureka-client\2.0.2\eureka-client-2.0.2.jar;C:\Users\prateek\.m2\repository\com\netflix\netflix-commons\netflix-eventbus\0.3.0\netflix-eventbus-0.3.0.jar;C:\Users\prateek\.m2\repository\com\netflix\netflix-commons\netflix-infix\0.3.0\netflix-infix-0.3.0.jar;C:\Users\prateek\.m2\repository\commons-jxpath\commons-jxpath\1.3\commons-jxpath-1.3.jar;C:\Users\prateek\.m2\repository\joda-time\joda-time\2.3\joda-time-2.3.jar;C:\Users\prateek\.m2\repository\org\antlr\antlr-runtime\3.4\antlr-runtime-3.4.jar;C:\Users\prateek\.m2\repository\org\antlr\stringtemplate\3.2.1\stringtemplate-3.2.1.jar;C:\Users\prateek\.m2\repository\antlr\antlr\2.7.7\antlr-2.7.7.jar;C:\Users\prateek\.m2\repository\com\google\code\gson\gson\2.10.1\gson-2.10.1.jar;C:\Users\prateek\.m2\repository\org\apache\commons\commons-math\2.2\commons-math-2.2.jar;C:\Users\prateek\.m2\repository\com\thoughtworks\xstream\xstream\1.4.19\xstream-1.4.19.jar;C:\Users\prateek\.m2\repository\io\github\x-stream\mxparser\1.2.2\mxparser-1.2.2.jar;C:\Users\prateek\.m2\repository\xmlpull\xmlpull\1.1.3.1\xmlpull-1.1.3.1.jar;C:\Users\prateek\.m2\repository\jakarta\ws\rs\jakarta.ws.rs-api\3.1.0\jakarta.ws.rs-api-3.1.0.jar;C:\Users\prateek\.m2\repository\com\netflix\servo\servo-core\0.12.21\servo-core-0.12.21.jar;C:\Users\prateek\.m2\repository\com\google\guava\guava\19.0\guava-19.0.jar;C:\Users\prateek\.m2\repository\org\apache\httpcomponents\httpclient\4.5.3\httpclient-4.5.3.jar;C:\Users\prateek\.m2\repository\org\apache\httpcomponents\httpcore\4.4.16\httpcore-4.4.16.jar;C:\Users\prateek\.m2\repository\commons-codec\commons-codec\1.16.1\commons-codec-1.16.1.jar;C:\Users\prateek\.m2\repository\commons-configuration\commons-configuration\1.10\commons-configuration-1.10.jar;C:\Users\prateek\.m2\repository\commons-lang\commons-lang\2.6\commons-lang-2.6.jar;C:\Users\prateek\.m2\repository\com\fasterxml\jackson\core\jackson-core\2.15.4\jackson-core-2.15.4.jar;C:\Users\prateek\.m2\repository\org\codehaus\jettison\jettison\1.5.4\jettison-1.5.4.jar;C:\Users\prateek\.m2\repository\com\netflix\eureka\eureka-core\2.0.2\eureka-core-2.0.2.jar;C:\Users\prateek\.m2\repository\com\fasterxml\woodstox\woodstox-core\6.2.1\woodstox-core-6.2.1.jar;C:\Users\prateek\.m2\repository\org\codehaus\woodstox\stax2-api\4.2.1\stax2-api-4.2.1.jar;C:\Users\prateek\.m2\repository\org\springframework\cloud\spring-cloud-starter-loadbalancer\4.1.2\spring-cloud-starter-loadbalancer-4.1.2.jar;C:\Users\prateek\.m2\repository\org\springframework\cloud\spring-cloud-loadbalancer\4.1.2\spring-cloud-loadbalancer-4.1.2.jar;C:\Users\prateek\.m2\repository\io\projectreactor\reactor-core\3.6.5\reactor-core-3.6.5.jar;C:\Users\prateek\.m2\repository\org\reactivestreams\reactive-streams\1.0.4\reactive-streams-1.0.4.jar;C:\Users\prateek\.m2\repository\io\projectreactor\addons\reactor-extra\3.5.1\reactor-extra-3.5.1.jar;C:\Users\prateek\.m2\repository\org\springframework\boot\spring-boot-starter-cache\3.2.5\spring-boot-starter-cache-3.2.5.jar;C:\Users\prateek\.m2\repository\org\springframework\spring-context-support\6.1.6\spring-context-support-6.1.6.jar;C:\Users\prateek\.m2\repository\com\stoyanr\evictor\1.0.0\evictor-1.0.0.jar;C:\Users\prateek\.m2\repository\org\springframework\boot\spring-boot-devtools\3.2.5\spring-boot-devtools-3.2.5.jar;C:\Users\prateek\.m2\repository\org\springframework\boot\spring-boot\3.2.5\spring-boot-3.2.5.jar;C:\Users\prateek\.m2\repository\org\springframework\boot\spring-boot-autoconfigure\3.2.5\spring-boot-autoconfigure-3.2.5.jar;C:\Users\prateek\.m2\repository\org\projectlombok\lombok\1.18.32\lombok-1.18.32.jar;C:\Users\prateek\.m2\repository\com\jayway\jsonpath\json-path\2.9.0\json-path-2.9.0.jar;C:\Users\prateek\.m2\repository\jakarta\xml\bind\jakarta.xml.bind-api\4.0.2\jakarta.xml.bind-api-4.0.2.jar;C:\Users\prateek\.m2\repository\jakarta\activation\jakarta.activation-api\2.1.3\jakarta.activation-api-2.1.3.jar;C:\Users\prateek\.m2\repository\net\minidev\json-smart\2.5.1\json-smart-2.5.1.jar;C:\Users\prateek\.m2\repository\net\minidev\accessors-smart\2.5.1\accessors-smart-2.5.1.jar;C:\Users\prateek\.m2\repository\org\ow2\asm\asm\9.6\asm-9.6.jar;C:\Users\prateek\.m2\repository\org\springframework\spring-core\6.1.6\spring-core-6.1.6.jar;C:\Users\prateek\.m2\repository\org\springframework\spring-jcl\6.1.6\spring-jcl-6.1.6.jar;C:\Users\prateek\.m2\repository\com\h2database\h2\2.2.224\h2-2.2.224.jar
Launcher Type: SUN_STANDARD

[Global flags]
     intx CICompilerCount                          = 3                                         {product} {ergonomic}
     uint ConcGCThreads                            = 1                                         {product} {ergonomic}
     uint G1ConcRefinementThreads                  = 4                                         {product} {ergonomic}
   size_t G1HeapRegionSize                         = 1048576                                   {product} {ergonomic}
    uintx GCDrainStackTargetSize                   = 64                                        {product} {ergonomic}
   size_t InitialHeapSize                          = 58720256                                  {product} {ergonomic}
   size_t MarkStackSize                            = 4194304                                   {product} {ergonomic}
   size_t MaxHeapSize                              = 924844032                                 {product} {ergonomic}
   size_t MaxNewSize                               = 554696704                                 {product} {ergonomic}
   size_t MinHeapDeltaBytes                        = 1048576                                   {product} {ergonomic}
   size_t MinHeapSize                              = 8388608                                   {product} {ergonomic}
    uintx NonNMethodCodeHeapSize                   = 5832780                                {pd product} {ergonomic}
    uintx NonProfiledCodeHeapSize                  = 122912730                              {pd product} {ergonomic}
    uintx ProfiledCodeHeapSize                     = 122912730                              {pd product} {ergonomic}
    uintx ReservedCodeCacheSize                    = 251658240                              {pd product} {ergonomic}
     bool SegmentedCodeCache                       = true                                      {product} {ergonomic}
   size_t SoftMaxHeapSize                          = 924844032                              {manageable} {ergonomic}
     bool UseCompressedOops                        = true                           {product lp64_product} {ergonomic}
     bool UseG1GC                                  = true                                      {product} {ergonomic}
     bool UseLargePagesIndividualAllocation        = false                                  {pd product} {ergonomic}

Logging:
Log output configuration:
 #0: stdout all=warning uptime,level,tags foldmultilines=false
 #1: stderr all=off uptime,level,tags foldmultilines=false

Environment Variables:
JAVA_HOME=C:\Program Files\Java\jdk1.8.0_202\bin\appletviewer.exe
PATH=C:\Program Files (x86)\Common Files\Oracle\Java\javapath;D:\oracle\product\10.2.0\db_1\bin;C:\windows\system32;C:\windows;C:\windows\System32\Wbem;C:\windows\System32\WindowsPowerShell\v1.0\;C:\windows\System32\OpenSSH\;C:\Program Files\Java\jdk-15.0.1\bin;C:\MinGW\bin;C:\MinGW\msys\1.0\bin;C:\mingw64\bin;C:\Program Files\Java\jdk-16.0.2\bin;C:\Program Files\Java\jdk1.8.0_301\bin;C:\Program Files\Git\cmd;C:\Program Files\Java\jdk-17.0.1\bin;C:\ProgramData\chocolatey\bin;C:\Program Files\Microsoft SQL Server\150\Tools\Binn\;C:\Program Files\dotnet\;C:\WINDOWS\system32;C:\WINDOWS;C:\WINDOWS\System32\Wbem;C:\WINDOWS\System32\WindowsPowerShell\v1.0\;C:\WINDOWS\System32\OpenSSH\;C:\Program Files\Redis;C:\Users\prateek\AppData\Local\Microsoft\WindowsApps;C:\Program Files\CodeBlocks\MinGW\bin;C:\MinGW\bin;C:\Program Files\MongoDB\Server\4.4\bin;C:\Program Files\JetBrains\IntelliJ IDEA Community Edition 2023.2.4\bin;;C:\Program Files\Java\jdk1.8.0_301\bin;C:\Users\prateek\.dotnet\tools;C:\Users\prateek\AppData\Local\GitHubDesktop\bin
USERNAME=prateek
OS=Windows_NT
PROCESSOR_IDENTIFIER=AMD64 Family 23 Model 24 Stepping 1, AuthenticAMD
TMP=C:\Users\prateek\AppData\Local\Temp
TEMP=C:\Users\prateek\AppData\Local\Temp




Periodic native trim disabled

---------------  S Y S T E M  ---------------

OS:
 Windows 11 , 64 bit Build 22000 (10.0.22000.2538)
OS uptime: 2 days 23:07 hours

CPU: total 4 (initial active 4) (4 cores per cpu, 2 threads per core) family 23 model 24 stepping 1 microcode 0x0, cx8, cmov, fxsr, ht, mmx, 3dnowpref, sse, sse2, sse3, ssse3, sse4a, sse4.1, sse4.2, popcnt, lzcnt, tsc, tscinvbit, avx, avx2, aes, clmul, bmi1, bmi2, adx, sha, fma, vzeroupper, clflush, clflushopt, rdtscp, f16c
Processor Information for all 4 processors :
  Max Mhz: 2600, Current Mhz: 2600, Mhz Limit: 2600

Memory: 4k page, system-wide physical 3526M (181M free)
TotalPageFile size 14278M (AvailPageFile size 5M)
current process WorkingSet (physical memory assigned to process): 269M, peak: 271M
current process commit charge ("private bytes"): 300M, peak: 312M

vm_info: OpenJDK 64-Bit Server VM (21.0.2+13-58) for windows-amd64 JRE (21.0.2+13-58), built on 2024-01-05T18:32:24Z by "mach5one" with MS VC++ 17.1 (VS2022)

END.
