#
# There is insufficient memory for the Java Runtime Environment to continue.
# Native memory allocation (malloc) failed to allocate 965776 bytes for Chunk::new
# Possible reasons:
#   The system is out of physical RAM or swap space
#   The process is running with CompressedOops enabled, and the Java Heap may be blocking the growth of the native heap
# Possible solutions:
#   Reduce memory load on the system
#   Increase physical memory or swap space
#   Check if swap backing store is full
#   Decrease Java heap size (-Xmx/-Xms)
#   Decrease number of Java threads
#   Decrease Java thread stack sizes (-Xss)
#   Set larger code cache with -XX:ReservedCodeCacheSize=
#   JVM is running with Unscaled Compressed Oops mode in which the Java heap is
#     placed in the first 4GB address space. The Java Heap base address is the
#     maximum limit for the native heap growth. Please use -XX:HeapBaseMinAddress
#     to set the Java Heap base and to place the Java Heap above 4GB virtual address.
# This output file may be truncated or incomplete.
#
#  Out of Memory Error (arena.cpp:168), pid=23168, tid=12068
#
# JRE version: OpenJDK Runtime Environment (21.0.2+13) (build 21.0.2+13-58)
# Java VM: OpenJDK 64-Bit Server VM (21.0.2+13-58, mixed mode, sharing, tiered, compressed oops, compressed class ptrs, g1 gc, windows-amd64)
# No core dump will be written. Minidumps are not enabled by default on client versions of Windows
#

---------------  S U M M A R Y ------------

Command Line: -javaagent:C:\Program Files\JetBrains\IntelliJ IDEA Community Edition 2023.2.4\lib\idea_rt.jar=51088:C:\Program Files\JetBrains\IntelliJ IDEA Community Edition 2023.2.4\bin -Dfile.encoding=UTF-8 -Dsun.stdout.encoding=UTF-8 -Dsun.stderr.encoding=UTF-8 com.gfg_JBDL65.Order_service.OrderServiceApplication

Host: AMD Ryzen 3 3250U with Radeon Graphics         , 4 cores, 3G,  Windows 11 , 64 bit Build 22000 (10.0.22000.2538)
Time: Sun Apr 21 00:13:16 2024 India Standard Time elapsed time: 17.585373 seconds (0d 0h 0m 17s)

---------------  T H R E A D  ---------------

Current thread (0x00000125caaad020):  JavaThread "C2 CompilerThread0" daemon [_thread_in_native, id=12068, stack(0x000000067c700000,0x000000067c800000) (1024K)]


Current CompileTask:
C2:  17585 5477   !   4       jdk.internal.loader.Resource::getBytes (244 bytes)

Stack: [0x000000067c700000,0x000000067c800000]
Native frames: (J=compiled Java code, j=interpreted, Vv=VM code, C=native code)
V  [jvm.dll+0x6cade9]
V  [jvm.dll+0x8569c1]
V  [jvm.dll+0x858d2e]
V  [jvm.dll+0x859413]
V  [jvm.dll+0x280e56]
V  [jvm.dll+0xc3f3d]
V  [jvm.dll+0xc4473]
V  [jvm.dll+0x2f437f]
V  [jvm.dll+0x5f5056]
V  [jvm.dll+0x252d7f]
V  [jvm.dll+0x25315f]
V  [jvm.dll+0x24b8e0]
V  [jvm.dll+0x2490a3]
V  [jvm.dll+0x1c9634]
V  [jvm.dll+0x258859]
V  [jvm.dll+0x256e3a]
V  [jvm.dll+0x3ef6c6]
V  [jvm.dll+0x7ff568]
V  [jvm.dll+0x6c953d]
C  [ucrtbase.dll+0x26c0c]
C  [KERNEL32.DLL+0x153e0]
C  [ntdll.dll+0x485b]


---------------  P R O C E S S  ---------------

Threads class SMR info:
_java_thread_list=0x00000126136e61a0, length=19, elements={
0x00000125ae04fb80, 0x00000125caaa2d50, 0x00000125caaa6220, 0x00000125caaa72d0,
0x00000125caaabc20, 0x00000125caaac680, 0x00000125caaa9a00, 0x00000125caaad020,
0x00000125caaae260, 0x0000012610057fe0, 0x00000126107d8e60, 0x00000126107d94d0,
0x0000012610ea1f60, 0x0000012610ea2890, 0x00000126136ecaa0, 0x0000012613544830,
0x00000126101e7720, 0x0000012612c1a870, 0x0000012613b4c080
}

Java Threads: ( => current thread )
  0x00000125ae04fb80 JavaThread "main"                              [_thread_blocked, id=22836, stack(0x000000067b900000,0x000000067ba00000) (1024K)]
  0x00000125caaa2d50 JavaThread "Reference Handler"          daemon [_thread_blocked, id=19600, stack(0x000000067c100000,0x000000067c200000) (1024K)]
  0x00000125caaa6220 JavaThread "Finalizer"                  daemon [_thread_blocked, id=8588, stack(0x000000067c200000,0x000000067c300000) (1024K)]
  0x00000125caaa72d0 JavaThread "Signal Dispatcher"          daemon [_thread_blocked, id=6916, stack(0x000000067c300000,0x000000067c400000) (1024K)]
  0x00000125caaabc20 JavaThread "Attach Listener"            daemon [_thread_blocked, id=18364, stack(0x000000067c400000,0x000000067c500000) (1024K)]
  0x00000125caaac680 JavaThread "Service Thread"             daemon [_thread_blocked, id=23796, stack(0x000000067c500000,0x000000067c600000) (1024K)]
  0x00000125caaa9a00 JavaThread "Monitor Deflation Thread"   daemon [_thread_blocked, id=24824, stack(0x000000067c600000,0x000000067c700000) (1024K)]
=>0x00000125caaad020 JavaThread "C2 CompilerThread0"         daemon [_thread_in_native, id=12068, stack(0x000000067c700000,0x000000067c800000) (1024K)]
  0x00000125caaae260 JavaThread "C1 CompilerThread0"         daemon [_thread_in_vm, id=3032, stack(0x000000067c800000,0x000000067c900000) (1024K)]
  0x0000012610057fe0 JavaThread "Common-Cleaner"             daemon [_thread_blocked, id=19460, stack(0x000000067c900000,0x000000067ca00000) (1024K)]
  0x00000126107d8e60 JavaThread "Monitor Ctrl-Break"         daemon [_thread_in_native, id=20620, stack(0x000000067ca00000,0x000000067cb00000) (1024K)]
  0x00000126107d94d0 JavaThread "Notification Thread"        daemon [_thread_blocked, id=23584, stack(0x000000067cb00000,0x000000067cc00000) (1024K)]
  0x0000012610ea1f60 JavaThread "Thread-0"                          [_thread_blocked, id=16856, stack(0x000000067cf00000,0x000000067d000000) (1024K)]
  0x0000012610ea2890 JavaThread "restartedMain"                     [_thread_in_vm, id=20344, stack(0x000000067d000000,0x000000067d100000) (1024K)]
  0x00000126136ecaa0 JavaThread "HikariPool-1 housekeeper"   daemon [_thread_blocked, id=21388, stack(0x000000067d100000,0x000000067d200000) (1024K)]
  0x0000012613544830 JavaThread "HikariPool-1 connection adder" daemon [_thread_blocked, id=9556, stack(0x000000067d200000,0x000000067d300000) (1024K)]
  0x00000126101e7720 JavaThread "Catalina-utility-1"                [_thread_blocked, id=16112, stack(0x000000067d300000,0x000000067d400000) (1024K)]
  0x0000012612c1a870 JavaThread "Catalina-utility-2"                [_thread_blocked, id=16312, stack(0x000000067d400000,0x000000067d500000) (1024K)]
  0x0000012613b4c080 JavaThread "container-0"                       [_thread_blocked, id=19228, stack(0x000000067d500000,0x000000067d600000) (1024K)]
Total: 19

Other Threads:
  0x00000125ae227e90 VMThread "VM Thread"                           [id=17592, stack(0x000000067c000000,0x000000067c100000) (1024K)]
  0x00000125ae208360 WatcherThread "VM Periodic Task Thread"        [id=11852, stack(0x000000067bf00000,0x000000067c000000) (1024K)]
  0x00000125ae19d3d0 WorkerThread "GC Thread#0"                     [id=17112, stack(0x000000067ba00000,0x000000067bb00000) (1024K)]
  0x00000125ae227010 WorkerThread "GC Thread#1"                     [id=23020, stack(0x000000067cc00000,0x000000067cd00000) (1024K)]
  0x00000125ae2268d0 WorkerThread "GC Thread#2"                     [id=18648, stack(0x000000067cd00000,0x000000067ce00000) (1024K)]
  0x00000125ae228230 WorkerThread "GC Thread#3"                     [id=808, stack(0x000000067ce00000,0x000000067cf00000) (1024K)]
  0x00000125ae1a6200 ConcurrentGCThread "G1 Main Marker"            [id=17944, stack(0x000000067bb00000,0x000000067bc00000) (1024K)]
  0x00000125ae1a7650 WorkerThread "G1 Conc#0"                       [id=10720, stack(0x000000067bc00000,0x000000067bd00000) (1024K)]
  0x00000125ae1f9490 ConcurrentGCThread "G1 Refine#0"               [id=21228, stack(0x000000067bd00000,0x000000067be00000) (1024K)]
  0x00000125ae1fa000 ConcurrentGCThread "G1 Service"                [id=24956, stack(0x000000067be00000,0x000000067bf00000) (1024K)]
Total: 10

Threads with active compile tasks:
C2 CompilerThread0    17650 5477   !   4       jdk.internal.loader.Resource::getBytes (244 bytes)
C1 CompilerThread0    17650 5499       3       java.lang.invoke.InvokerBytecodeGenerator::classDataValues (260 bytes)
Total: 2

VM state: not at safepoint (normal execution)

VM Mutex/Monitor currently owned by a thread: None

Heap address: 0x00000000c8e00000, size: 882 MB, Compressed Oops mode: 32-bit

CDS archive(s) mapped at: [0x00000125cb000000-0x00000125cbc90000-0x00000125cbc90000), size 13172736, SharedBaseAddress: 0x00000125cb000000, ArchiveRelocationMode: 1.
Compressed class space mapped at: 0x00000125cc000000-0x000001260c000000, reserved size: 1073741824
Narrow klass base: 0x00000125cb000000, Narrow klass shift: 0, Narrow klass range: 0x100000000

GC Precious Log:
 CardTable entry size: 512
 Card Set container configuration: InlinePtr #cards 5 size 8 Array Of Cards #cards 12 size 40 Howl #buckets 4 coarsen threshold 1843 Howl Bitmap #cards 512 size 80 coarsen threshold 460 Card regions per heap region 1 cards per card region 2048
 CPUs: 4 total, 4 available
 Memory: 3526M
 Large Page Support: Disabled
 NUMA Support: Disabled
 Compressed Oops: Enabled (32-bit)
 Heap Region Size: 1M
 Heap Min Capacity: 8M
 Heap Initial Capacity: 56M
 Heap Max Capacity: 882M
 Pre-touch: Disabled
 Parallel Workers: 4
 Concurrent Workers: 1
 Concurrent Refinement Workers: 4
 Periodic GC: Disabled

Heap:
 garbage-first heap   total 64512K, used 43680K [0x00000000c8e00000, 0x0000000100000000)
  region size 1024K, 12 young (12288K), 2 survivors (2048K)
 Metaspace       used 55144K, committed 55744K, reserved 1114112K
  class space    used 7091K, committed 7360K, reserved 1048576K

Heap Regions: E=young(eden), S=young(survivor), O=old, HS=humongous(starts), HC=humongous(continues), CS=collection set, F=free, TAMS=top-at-mark-start, PB=parsable bottom
|   0|0x00000000c8e00000, 0x00000000c8f00000, 0x00000000c8f00000|100%|HS|  |TAMS 0x00000000c8e00000| PB 0x00000000c8e00000| Complete 
|   1|0x00000000c8f00000, 0x00000000c9000000, 0x00000000c9000000|100%|HS|  |TAMS 0x00000000c8f00000| PB 0x00000000c8f00000| Complete 
|   2|0x00000000c9000000, 0x00000000c9100000, 0x00000000c9100000|100%| O|  |TAMS 0x00000000c9000000| PB 0x00000000c9000000| Untracked 
|   3|0x00000000c9100000, 0x00000000c9200000, 0x00000000c9200000|100%| O|  |TAMS 0x00000000c9100000| PB 0x00000000c9100000| Untracked 
|   4|0x00000000c9200000, 0x00000000c9300000, 0x00000000c9300000|100%| O|  |TAMS 0x00000000c9200000| PB 0x00000000c9200000| Untracked 
|   5|0x00000000c9300000, 0x00000000c9400000, 0x00000000c9400000|100%| O|  |TAMS 0x00000000c9300000| PB 0x00000000c9300000| Untracked 
|   6|0x00000000c9400000, 0x00000000c9500000, 0x00000000c9500000|100%| O|  |TAMS 0x00000000c9400000| PB 0x00000000c9400000| Untracked 
|   7|0x00000000c9500000, 0x00000000c9600000, 0x00000000c9600000|100%| O|  |TAMS 0x00000000c9500000| PB 0x00000000c9500000| Untracked 
|   8|0x00000000c9600000, 0x00000000c9700000, 0x00000000c9700000|100%| O|  |TAMS 0x00000000c9600000| PB 0x00000000c9600000| Untracked 
|   9|0x00000000c9700000, 0x00000000c9800000, 0x00000000c9800000|100%| O|  |TAMS 0x00000000c9700000| PB 0x00000000c9700000| Untracked 
|  10|0x00000000c9800000, 0x00000000c9900000, 0x00000000c9900000|100%| O|  |TAMS 0x00000000c9800000| PB 0x00000000c9800000| Untracked 
|  11|0x00000000c9900000, 0x00000000c9a00000, 0x00000000c9a00000|100%| O|  |TAMS 0x00000000c9900000| PB 0x00000000c9900000| Untracked 
|  12|0x00000000c9a00000, 0x00000000c9b00000, 0x00000000c9b00000|100%| O|  |TAMS 0x00000000c9a00000| PB 0x00000000c9a00000| Untracked 
|  13|0x00000000c9b00000, 0x00000000c9c00000, 0x00000000c9c00000|100%| O|  |TAMS 0x00000000c9b00000| PB 0x00000000c9b00000| Untracked 
|  14|0x00000000c9c00000, 0x00000000c9d00000, 0x00000000c9d00000|100%| O|  |TAMS 0x00000000c9c00000| PB 0x00000000c9c00000| Untracked 
|  15|0x00000000c9d00000, 0x00000000c9e00000, 0x00000000c9e00000|100%| O|  |TAMS 0x00000000c9d00000| PB 0x00000000c9d00000| Untracked 
|  16|0x00000000c9e00000, 0x00000000c9f00000, 0x00000000c9f00000|100%| O|  |TAMS 0x00000000c9e00000| PB 0x00000000c9e00000| Untracked 
|  17|0x00000000c9f00000, 0x00000000ca000000, 0x00000000ca000000|100%| O|  |TAMS 0x00000000c9f00000| PB 0x00000000c9f00000| Untracked 
|  18|0x00000000ca000000, 0x00000000ca100000, 0x00000000ca100000|100%| O|  |TAMS 0x00000000ca000000| PB 0x00000000ca000000| Untracked 
|  19|0x00000000ca100000, 0x00000000ca200000, 0x00000000ca200000|100%| O|  |TAMS 0x00000000ca100000| PB 0x00000000ca100000| Untracked 
|  20|0x00000000ca200000, 0x00000000ca300000, 0x00000000ca300000|100%| O|  |TAMS 0x00000000ca200000| PB 0x00000000ca200000| Untracked 
|  21|0x00000000ca300000, 0x00000000ca400000, 0x00000000ca400000|100%| O|  |TAMS 0x00000000ca300000| PB 0x00000000ca300000| Untracked 
|  22|0x00000000ca400000, 0x00000000ca500000, 0x00000000ca500000|100%| O|  |TAMS 0x00000000ca400000| PB 0x00000000ca400000| Untracked 
|  23|0x00000000ca500000, 0x00000000ca600000, 0x00000000ca600000|100%| O|  |TAMS 0x00000000ca500000| PB 0x00000000ca500000| Untracked 
|  24|0x00000000ca600000, 0x00000000ca700000, 0x00000000ca700000|100%| O|  |TAMS 0x00000000ca600000| PB 0x00000000ca600000| Untracked 
|  25|0x00000000ca700000, 0x00000000ca700000, 0x00000000ca800000|  0%| F|  |TAMS 0x00000000ca700000| PB 0x00000000ca700000| Untracked 
|  26|0x00000000ca800000, 0x00000000ca900000, 0x00000000ca900000|100%| O|  |TAMS 0x00000000ca800000| PB 0x00000000ca800000| Untracked 
|  27|0x00000000ca900000, 0x00000000ca9b5e98, 0x00000000caa00000| 71%| O|  |TAMS 0x00000000ca900000| PB 0x00000000ca900000| Untracked 
|  28|0x00000000caa00000, 0x00000000caa00000, 0x00000000cab00000|  0%| F|  |TAMS 0x00000000caa00000| PB 0x00000000caa00000| Untracked 
|  29|0x00000000cab00000, 0x00000000cac00000, 0x00000000cac00000|100%| O|  |TAMS 0x00000000cab00000| PB 0x00000000cab00000| Untracked 
|  30|0x00000000cac00000, 0x00000000cad00000, 0x00000000cad00000|100%| O|  |TAMS 0x00000000cac00000| PB 0x00000000cac00000| Untracked 
|  31|0x00000000cad00000, 0x00000000cad00000, 0x00000000cae00000|  0%| F|  |TAMS 0x00000000cad00000| PB 0x00000000cad00000| Untracked 
|  32|0x00000000cae00000, 0x00000000cae00000, 0x00000000caf00000|  0%| F|  |TAMS 0x00000000cae00000| PB 0x00000000cae00000| Untracked 
|  33|0x00000000caf00000, 0x00000000caf00000, 0x00000000cb000000|  0%| F|  |TAMS 0x00000000caf00000| PB 0x00000000caf00000| Untracked 
|  34|0x00000000cb000000, 0x00000000cb000000, 0x00000000cb100000|  0%| F|  |TAMS 0x00000000cb000000| PB 0x00000000cb000000| Untracked 
|  35|0x00000000cb100000, 0x00000000cb100000, 0x00000000cb200000|  0%| F|  |TAMS 0x00000000cb100000| PB 0x00000000cb100000| Untracked 
|  36|0x00000000cb200000, 0x00000000cb2f2388, 0x00000000cb300000| 94%| S|CS|TAMS 0x00000000cb200000| PB 0x00000000cb200000| Complete 
|  37|0x00000000cb300000, 0x00000000cb400000, 0x00000000cb400000|100%| S|CS|TAMS 0x00000000cb300000| PB 0x00000000cb300000| Complete 
|  38|0x00000000cb400000, 0x00000000cb400000, 0x00000000cb500000|  0%| F|  |TAMS 0x00000000cb400000| PB 0x00000000cb400000| Untracked 
|  39|0x00000000cb500000, 0x00000000cb500000, 0x00000000cb600000|  0%| F|  |TAMS 0x00000000cb500000| PB 0x00000000cb500000| Untracked 
|  40|0x00000000cb600000, 0x00000000cb600000, 0x00000000cb700000|  0%| F|  |TAMS 0x00000000cb600000| PB 0x00000000cb600000| Untracked 
|  41|0x00000000cb700000, 0x00000000cb700000, 0x00000000cb800000|  0%| F|  |TAMS 0x00000000cb700000| PB 0x00000000cb700000| Untracked 
|  42|0x00000000cb800000, 0x00000000cb800000, 0x00000000cb900000|  0%| F|  |TAMS 0x00000000cb800000| PB 0x00000000cb800000| Untracked 
|  43|0x00000000cb900000, 0x00000000cb900000, 0x00000000cba00000|  0%| F|  |TAMS 0x00000000cb900000| PB 0x00000000cb900000| Untracked 
|  44|0x00000000cba00000, 0x00000000cba00000, 0x00000000cbb00000|  0%| F|  |TAMS 0x00000000cba00000| PB 0x00000000cba00000| Untracked 
|  45|0x00000000cbb00000, 0x00000000cbb00000, 0x00000000cbc00000|  0%| F|  |TAMS 0x00000000cbb00000| PB 0x00000000cbb00000| Untracked 
|  46|0x00000000cbc00000, 0x00000000cbc00000, 0x00000000cbd00000|  0%| F|  |TAMS 0x00000000cbc00000| PB 0x00000000cbc00000| Untracked 
|  47|0x00000000cbd00000, 0x00000000cbd00000, 0x00000000cbe00000|  0%| F|  |TAMS 0x00000000cbd00000| PB 0x00000000cbd00000| Untracked 
|  48|0x00000000cbe00000, 0x00000000cbe00000, 0x00000000cbf00000|  0%| F|  |TAMS 0x00000000cbe00000| PB 0x00000000cbe00000| Untracked 
|  49|0x00000000cbf00000, 0x00000000cc000000, 0x00000000cc000000|100%| E|  |TAMS 0x00000000cbf00000| PB 0x00000000cbf00000| Complete 
|  50|0x00000000cc000000, 0x00000000cc100000, 0x00000000cc100000|100%| E|CS|TAMS 0x00000000cc000000| PB 0x00000000cc000000| Complete 
|  51|0x00000000cc100000, 0x00000000cc200000, 0x00000000cc200000|100%| E|CS|TAMS 0x00000000cc100000| PB 0x00000000cc100000| Complete 
|  52|0x00000000cc200000, 0x00000000cc300000, 0x00000000cc300000|100%| E|CS|TAMS 0x00000000cc200000| PB 0x00000000cc200000| Complete 
|  53|0x00000000cc300000, 0x00000000cc400000, 0x00000000cc400000|100%| E|CS|TAMS 0x00000000cc300000| PB 0x00000000cc300000| Complete 
|  54|0x00000000cc400000, 0x00000000cc500000, 0x00000000cc500000|100%| E|CS|TAMS 0x00000000cc400000| PB 0x00000000cc400000| Complete 
|  55|0x00000000cc500000, 0x00000000cc600000, 0x00000000cc600000|100%| E|  |TAMS 0x00000000cc500000| PB 0x00000000cc500000| Complete 
|  56|0x00000000cc600000, 0x00000000cc700000, 0x00000000cc700000|100%| E|CS|TAMS 0x00000000cc600000| PB 0x00000000cc600000| Complete 
|  57|0x00000000cc700000, 0x00000000cc800000, 0x00000000cc800000|100%| E|CS|TAMS 0x00000000cc700000| PB 0x00000000cc700000| Complete 
|  58|0x00000000cc800000, 0x00000000cc900000, 0x00000000cc900000|100%| E|CS|TAMS 0x00000000cc800000| PB 0x00000000cc800000| Complete 
| 878|0x00000000ffc00000, 0x00000000ffd00000, 0x00000000ffd00000|100%| O|  |TAMS 0x00000000ffc00000| PB 0x00000000ffc00000| Untracked 
| 879|0x00000000ffd00000, 0x00000000ffe00000, 0x00000000ffe00000|100%| O|  |TAMS 0x00000000ffd00000| PB 0x00000000ffd00000| Untracked 
| 880|0x00000000ffe00000, 0x00000000fff00000, 0x00000000fff00000|100%| O|  |TAMS 0x00000000ffe00000| PB 0x00000000ffe00000| Untracked 
| 881|0x00000000fff00000, 0x0000000100000000, 0x0000000100000000|100%| O|  |TAMS 0x00000000fff00000| PB 0x00000000fff00000| Untracked 

Card table byte_map: [0x00000125c7580000,0x00000125c7740000] _byte_map_base: 0x00000125c6f39000

Marking Bits: (CMBitMap*) 0x00000125ae19dad0
 Bits: [0x00000125c7740000, 0x00000125c8508000)

Polling page: 0x00000125ae230000

Metaspace:

Usage:
  Non-class:     46.95 MB used.
      Class:      6.93 MB used.
       Both:     53.88 MB used.

Virtual space:
  Non-class space:       64.00 MB reserved,      47.25 MB ( 74%) committed,  1 nodes.
      Class space:        1.00 GB reserved,       7.19 MB ( <1%) committed,  1 nodes.
             Both:        1.06 GB reserved,      54.44 MB (  5%) committed. 

Chunk freelists:
   Non-Class:  16.00 KB
       Class:  8.70 MB
        Both:  8.72 MB

MaxMetaspaceSize: unlimited
CompressedClassSpaceSize: 1.00 GB
Initial GC threshold: 21.00 MB
Current GC threshold: 70.94 MB
CDS: on
 - commit_granule_bytes: 65536.
 - commit_granule_words: 8192.
 - virtual_space_node_default_size: 8388608.
 - enlarge_chunks_in_place: 1.
 - use_allocation_guard: 0.


Internal statistics:

num_allocs_failed_limit: 6.
num_arena_births: 784.
num_arena_deaths: 0.
num_vsnodes_births: 2.
num_vsnodes_deaths: 0.
num_space_committed: 871.
num_space_uncommitted: 0.
num_chunks_returned_to_freelist: 6.
num_chunks_taken_from_freelist: 2746.
num_chunk_merges: 3.
num_chunk_splits: 1977.
num_chunks_enlarged: 1523.
num_inconsistent_stats: 0.

CodeHeap 'non-profiled nmethods': size=120000Kb used=2282Kb max_used=2306Kb free=117717Kb
 bounds [0x00000125bf860000, 0x00000125bfad0000, 0x00000125c6d90000]
CodeHeap 'profiled nmethods': size=120000Kb used=9409Kb max_used=10307Kb free=110590Kb
 bounds [0x00000125b7d90000, 0x00000125b87b0000, 0x00000125bf2c0000]
CodeHeap 'non-nmethods': size=5760Kb used=1581Kb max_used=1594Kb free=4178Kb
 bounds [0x00000125bf2c0000, 0x00000125bf530000, 0x00000125bf860000]
 total_blobs=5348 nmethods=4707 adapters=544
 compilation: enabled
              stopped_count=0, restarted_count=0
 full_count=0

Compilation events (20 events):
Event: 17.400 Thread 0x00000125caaae260 5481       1       java.lang.reflect.Field::getRoot (5 bytes)
Event: 17.401 Thread 0x00000125caaae260 nmethod 5481 0x00000125bf9dff90 code [0x00000125bf9e0120, 0x00000125bf9e01e8]
Event: 17.401 Thread 0x00000125caaae260 5482       3       java.lang.reflect.Field::setFieldAccessor (20 bytes)
Event: 17.401 Thread 0x00000125caaae260 nmethod 5482 0x00000125b82baf90 code [0x00000125b82bb160, 0x00000125b82bb430]
Event: 17.401 Thread 0x00000125caaae260 5483       3       java.lang.invoke.MethodHandles$Lookup::checkField (58 bytes)
Event: 17.402 Thread 0x00000125caaae260 nmethod 5483 0x00000125b84b2690 code [0x00000125b84b2880, 0x00000125b84b2ce0]
Event: 17.476 Thread 0x00000125caaae260 5487       1       org.hibernate.event.spi.EventType::ordinal (5 bytes)
Event: 17.476 Thread 0x00000125caaae260 nmethod 5487 0x00000125bf9dfc90 code [0x00000125bf9dfe20, 0x00000125bf9dfee8]
Event: 17.484 Thread 0x00000125caaae260 5488       3       org.hibernate.event.service.internal.EventListenerRegistryImpl$Builder$$Lambda/0x00000125cc7233e0::apply (11 bytes)
Event: 17.485 Thread 0x00000125caaae260 nmethod 5488 0x00000125b867ea90 code [0x00000125b867ec60, 0x00000125b867f100]
Event: 17.491 Thread 0x00000125caaae260 5489       3       org.hibernate.event.service.internal.EventListenerRegistryImpl$Builder$$Lambda/0x00000125cc734c80::apply (11 bytes)
Event: 17.491 Thread 0x00000125caaae260 nmethod 5489 0x00000125b878bf90 code [0x00000125b878c160, 0x00000125b878c600]
Event: 17.492 Thread 0x00000125caaae260 5490       3       java.util.Collections$UnmodifiableMap$UnmodifiableEntrySet$1::hasNext (10 bytes)
Event: 17.492 Thread 0x00000125caaae260 nmethod 5490 0x00000125b809c390 code [0x00000125b809c540, 0x00000125b809c718]
Event: 17.492 Thread 0x00000125caaae260 5491       3       java.util.Collections$UnmodifiableMap$UnmodifiableEntrySet$1::next (5 bytes)
Event: 17.492 Thread 0x00000125caaae260 nmethod 5491 0x00000125b7eced90 code [0x00000125b7ecefa0, 0x00000125b7ecf6e0]
Event: 17.492 Thread 0x00000125caaae260 5492       3       java.util.Collections$UnmodifiableMap$UnmodifiableEntrySet$UnmodifiableEntry::getKey (10 bytes)
Event: 17.492 Thread 0x00000125caaae260 nmethod 5492 0x00000125b8198390 code [0x00000125b8198540, 0x00000125b8198718]
Event: 17.524 Thread 0x00000125caaae260 5493       3       java.util.Collection::stream (11 bytes)
Event: 17.524 Thread 0x00000125caaae260 nmethod 5493 0x00000125b81ae710 code [0x00000125b81ae8c0, 0x00000125b81aeac0]

GC Heap History (20 events):
Event: 9.596 GC heap before
{Heap before GC invocations=7 (full 0):
 garbage-first heap   total 57344K, used 44801K [0x00000000c8e00000, 0x0000000100000000)
  region size 1024K, 28 young (28672K), 2 survivors (2048K)
 Metaspace       used 24537K, committed 24896K, reserved 1114112K
  class space    used 3025K, committed 3200K, reserved 1048576K
}
Event: 9.602 GC heap after
{Heap after GC invocations=8 (full 0):
 garbage-first heap   total 57344K, used 20068K [0x00000000c8e00000, 0x0000000100000000)
  region size 1024K, 4 young (4096K), 4 survivors (4096K)
 Metaspace       used 24537K, committed 24896K, reserved 1114112K
  class space    used 3025K, committed 3200K, reserved 1048576K
}
Event: 10.780 GC heap before
{Heap before GC invocations=8 (full 0):
 garbage-first heap   total 57344K, used 45668K [0x00000000c8e00000, 0x0000000100000000)
  region size 1024K, 29 young (29696K), 4 survivors (4096K)
 Metaspace       used 28119K, committed 28544K, reserved 1114112K
  class space    used 3588K, committed 3776K, reserved 1048576K
}
Event: 10.794 GC heap after
{Heap after GC invocations=9 (full 0):
 garbage-first heap   total 57344K, used 21958K [0x00000000c8e00000, 0x0000000100000000)
  region size 1024K, 4 young (4096K), 4 survivors (4096K)
 Metaspace       used 28119K, committed 28544K, reserved 1114112K
  class space    used 3588K, committed 3776K, reserved 1048576K
}
Event: 12.207 GC heap before
{Heap before GC invocations=9 (full 0):
 garbage-first heap   total 57344K, used 47558K [0x00000000c8e00000, 0x0000000100000000)
  region size 1024K, 29 young (29696K), 4 survivors (4096K)
 Metaspace       used 32842K, committed 33280K, reserved 1114112K
  class space    used 4213K, committed 4416K, reserved 1048576K
}
Event: 12.221 GC heap after
{Heap after GC invocations=10 (full 0):
 garbage-first heap   total 57344K, used 24000K [0x00000000c8e00000, 0x0000000100000000)
  region size 1024K, 4 young (4096K), 4 survivors (4096K)
 Metaspace       used 32842K, committed 33280K, reserved 1114112K
  class space    used 4213K, committed 4416K, reserved 1048576K
}
Event: 12.722 GC heap before
{Heap before GC invocations=10 (full 0):
 garbage-first heap   total 57344K, used 52672K [0x00000000c8e00000, 0x0000000100000000)
  region size 1024K, 28 young (28672K), 4 survivors (4096K)
 Metaspace       used 35181K, committed 35712K, reserved 1114112K
  class space    used 4447K, committed 4672K, reserved 1048576K
}
Event: 12.738 GC heap after
{Heap after GC invocations=11 (full 0):
 garbage-first heap   total 64512K, used 33314K [0x00000000c8e00000, 0x0000000100000000)
  region size 1024K, 4 young (4096K), 4 survivors (4096K)
 Metaspace       used 35181K, committed 35712K, reserved 1114112K
  class space    used 4447K, committed 4672K, reserved 1048576K
}
Event: 12.760 GC heap before
{Heap before GC invocations=11 (full 0):
 garbage-first heap   total 64512K, used 34338K [0x00000000c8e00000, 0x0000000100000000)
  region size 1024K, 6 young (6144K), 4 survivors (4096K)
 Metaspace       used 35477K, committed 35968K, reserved 1114112K
  class space    used 4478K, committed 4672K, reserved 1048576K
}
Event: 12.766 GC heap after
{Heap after GC invocations=12 (full 0):
 garbage-first heap   total 64512K, used 34531K [0x00000000c8e00000, 0x0000000100000000)
  region size 1024K, 1 young (1024K), 1 survivors (1024K)
 Metaspace       used 35477K, committed 35968K, reserved 1114112K
  class space    used 4478K, committed 4672K, reserved 1048576K
}
Event: 13.563 GC heap before
{Heap before GC invocations=13 (full 0):
 garbage-first heap   total 64512K, used 49891K [0x00000000c8e00000, 0x0000000100000000)
  region size 1024K, 16 young (16384K), 1 survivors (1024K)
 Metaspace       used 36768K, committed 37312K, reserved 1114112K
  class space    used 4638K, committed 4864K, reserved 1048576K
}
Event: 13.569 GC heap after
{Heap after GC invocations=14 (full 0):
 garbage-first heap   total 64512K, used 35237K [0x00000000c8e00000, 0x0000000100000000)
  region size 1024K, 2 young (2048K), 2 survivors (2048K)
 Metaspace       used 36768K, committed 37312K, reserved 1114112K
  class space    used 4638K, committed 4864K, reserved 1048576K
}
Event: 14.350 GC heap before
{Heap before GC invocations=14 (full 0):
 garbage-first heap   total 64512K, used 50597K [0x00000000c8e00000, 0x0000000100000000)
  region size 1024K, 18 young (18432K), 2 survivors (2048K)
 Metaspace       used 40313K, committed 40832K, reserved 1114112K
  class space    used 5011K, committed 5248K, reserved 1048576K
}
Event: 14.355 GC heap after
{Heap after GC invocations=15 (full 0):
 garbage-first heap   total 64512K, used 35944K [0x00000000c8e00000, 0x0000000100000000)
  region size 1024K, 3 young (3072K), 3 survivors (3072K)
 Metaspace       used 40313K, committed 40832K, reserved 1114112K
  class space    used 5011K, committed 5248K, reserved 1048576K
}
Event: 15.117 GC heap before
{Heap before GC invocations=15 (full 0):
 garbage-first heap   total 64512K, used 52328K [0x00000000c8e00000, 0x0000000100000000)
  region size 1024K, 19 young (19456K), 3 survivors (3072K)
 Metaspace       used 42825K, committed 43456K, reserved 1114112K
  class space    used 5342K, committed 5632K, reserved 1048576K
}
Event: 15.124 GC heap after
{Heap after GC invocations=16 (full 0):
 garbage-first heap   total 64512K, used 36984K [0x00000000c8e00000, 0x0000000100000000)
  region size 1024K, 3 young (3072K), 3 survivors (3072K)
 Metaspace       used 42825K, committed 43456K, reserved 1114112K
  class space    used 5342K, committed 5632K, reserved 1048576K
}
Event: 16.129 GC heap before
{Heap before GC invocations=17 (full 0):
 garbage-first heap   total 64512K, used 49272K [0x00000000c8e00000, 0x0000000100000000)
  region size 1024K, 19 young (19456K), 3 survivors (3072K)
 Metaspace       used 47094K, committed 47744K, reserved 1114112K
  class space    used 5964K, committed 6272K, reserved 1048576K
}
Event: 16.137 GC heap after
{Heap after GC invocations=18 (full 0):
 garbage-first heap   total 64512K, used 35024K [0x00000000c8e00000, 0x0000000100000000)
  region size 1024K, 2 young (2048K), 2 survivors (2048K)
 Metaspace       used 47094K, committed 47744K, reserved 1114112K
  class space    used 5964K, committed 6272K, reserved 1048576K
}
Event: 17.157 GC heap before
{Heap before GC invocations=18 (full 0):
 garbage-first heap   total 64512K, used 54480K [0x00000000c8e00000, 0x0000000100000000)
  region size 1024K, 21 young (21504K), 2 survivors (2048K)
 Metaspace       used 52466K, committed 53120K, reserved 1114112K
  class space    used 6799K, committed 7104K, reserved 1048576K
}
Event: 17.164 GC heap after
{Heap after GC invocations=19 (full 0):
 garbage-first heap   total 64512K, used 35488K [0x00000000c8e00000, 0x0000000100000000)
  region size 1024K, 2 young (2048K), 2 survivors (2048K)
 Metaspace       used 52466K, committed 53120K, reserved 1114112K
  class space    used 6799K, committed 7104K, reserved 1048576K
}

Dll operation events (14 events):
Event: 0.070 Loaded shared library C:\Users\prateek\.jdks\openjdk-21.0.2\bin\java.dll
Event: 0.371 Loaded shared library C:\Users\prateek\.jdks\openjdk-21.0.2\bin\jsvml.dll
Event: 0.848 Loaded shared library C:\Users\prateek\.jdks\openjdk-21.0.2\bin\zip.dll
Event: 0.867 Loaded shared library C:\Users\prateek\.jdks\openjdk-21.0.2\bin\instrument.dll
Event: 0.898 Loaded shared library C:\Users\prateek\.jdks\openjdk-21.0.2\bin\net.dll
Event: 0.907 Loaded shared library C:\Users\prateek\.jdks\openjdk-21.0.2\bin\nio.dll
Event: 0.915 Loaded shared library C:\Users\prateek\.jdks\openjdk-21.0.2\bin\zip.dll
Event: 1.310 Loaded shared library C:\Users\prateek\.jdks\openjdk-21.0.2\bin\jimage.dll
Event: 1.778 Loaded shared library C:\Program Files\JetBrains\IntelliJ IDEA Community Edition 2023.2.4\bin\breakgen64.dll
Event: 1.854 Loaded shared library C:\Users\prateek\.jdks\openjdk-21.0.2\bin\extnet.dll
Event: 2.814 Loaded shared library C:\Users\prateek\.jdks\openjdk-21.0.2\bin\management.dll
Event: 2.821 Loaded shared library C:\Users\prateek\.jdks\openjdk-21.0.2\bin\management_ext.dll
Event: 5.578 Loaded shared library C:\Users\prateek\.jdks\openjdk-21.0.2\bin\sunmscapi.dll
Event: 16.087 Loaded shared library C:\Users\prateek\.jdks\openjdk-21.0.2\bin\verify.dll

Deoptimization events (20 events):
Event: 16.803 Thread 0x0000012610ea2890 Uncommon trap: trap_request=0xffffffde fr.pc=0x00000125bfa7cd18 relative=0x0000000000001058
Event: 16.803 Thread 0x0000012610ea2890 Uncommon trap: reason=class_check action=maybe_recompile pc=0x00000125bfa7cd18 method=java.util.concurrent.ConcurrentHashMap.putVal(Ljava/lang/Object;Ljava/lang/Object;Z)Ljava/lang/Object; @ 159 c2
Event: 16.803 Thread 0x0000012610ea2890 DEOPT PACKING pc=0x00000125bfa7cd18 sp=0x000000067d0fdc50
Event: 16.803 Thread 0x0000012610ea2890 DEOPT UNPACKING pc=0x00000125bf3146a2 sp=0x000000067d0fdbd0 mode 2
Event: 16.896 Thread 0x0000012610ea2890 Uncommon trap: trap_request=0xffffffc6 fr.pc=0x00000125bfa9a90c relative=0x0000000000000aac
Event: 16.896 Thread 0x0000012610ea2890 Uncommon trap: reason=bimorphic_or_optimized_type_check action=maybe_recompile pc=0x00000125bfa9a90c method=java.util.HashMap.computeIfAbsent(Ljava/lang/Object;Ljava/util/function/Function;)Ljava/lang/Object; @ 286 c2
Event: 16.896 Thread 0x0000012610ea2890 DEOPT PACKING pc=0x00000125bfa9a90c sp=0x000000067d0fd900
Event: 16.896 Thread 0x0000012610ea2890 DEOPT UNPACKING pc=0x00000125bf3146a2 sp=0x000000067d0fd890 mode 2
Event: 16.915 Thread 0x0000012610ea2890 Uncommon trap: trap_request=0xffffffc6 fr.pc=0x00000125bfa9a90c relative=0x0000000000000aac
Event: 16.915 Thread 0x0000012610ea2890 Uncommon trap: reason=bimorphic_or_optimized_type_check action=maybe_recompile pc=0x00000125bfa9a90c method=java.util.HashMap.computeIfAbsent(Ljava/lang/Object;Ljava/util/function/Function;)Ljava/lang/Object; @ 286 c2
Event: 16.915 Thread 0x0000012610ea2890 DEOPT PACKING pc=0x00000125bfa9a90c sp=0x000000067d0fd8d0
Event: 16.915 Thread 0x0000012610ea2890 DEOPT UNPACKING pc=0x00000125bf3146a2 sp=0x000000067d0fd860 mode 2
Event: 16.915 Thread 0x0000012610ea2890 Uncommon trap: trap_request=0xffffffc6 fr.pc=0x00000125bfa9a518 relative=0x00000000000006b8
Event: 16.915 Thread 0x0000012610ea2890 Uncommon trap: reason=bimorphic_or_optimized_type_check action=maybe_recompile pc=0x00000125bfa9a518 method=java.util.HashMap.computeIfAbsent(Ljava/lang/Object;Ljava/util/function/Function;)Ljava/lang/Object; @ 188 c2
Event: 16.915 Thread 0x0000012610ea2890 DEOPT PACKING pc=0x00000125bfa9a518 sp=0x000000067d0fd8c0
Event: 16.915 Thread 0x0000012610ea2890 DEOPT UNPACKING pc=0x00000125bf3146a2 sp=0x000000067d0fd878 mode 2
Event: 16.917 Thread 0x0000012610ea2890 Uncommon trap: trap_request=0xffffffc6 fr.pc=0x00000125bfa9a518 relative=0x00000000000006b8
Event: 16.917 Thread 0x0000012610ea2890 Uncommon trap: reason=bimorphic_or_optimized_type_check action=maybe_recompile pc=0x00000125bfa9a518 method=java.util.HashMap.computeIfAbsent(Ljava/lang/Object;Ljava/util/function/Function;)Ljava/lang/Object; @ 188 c2
Event: 16.917 Thread 0x0000012610ea2890 DEOPT PACKING pc=0x00000125bfa9a518 sp=0x000000067d0fd8d0
Event: 16.917 Thread 0x0000012610ea2890 DEOPT UNPACKING pc=0x00000125bf3146a2 sp=0x000000067d0fd888 mode 2

Classes loaded (20 events):
Event: 16.510 Loading class javax/naming/event/NamingListener
Event: 16.510 Loading class javax/naming/event/NamingListener done
Event: 16.511 Loading class javax/naming/event/NamespaceChangeListener
Event: 16.512 Loading class javax/naming/event/NamespaceChangeListener done
Event: 16.653 Loading class java/util/regex/Pattern$1MatcherIterator
Event: 16.654 Loading class java/util/regex/Pattern$1MatcherIterator done
Event: 16.736 Loading class java/io/PipedOutputStream
Event: 16.736 Loading class java/io/PipedOutputStream done
Event: 16.754 Loading class jdk/internal/reflect/MethodHandleIntegerFieldAccessorImpl
Event: 16.755 Loading class jdk/internal/reflect/MethodHandleIntegerFieldAccessorImpl done
Event: 17.317 Loading class javax/naming/RefAddr
Event: 17.317 Loading class javax/naming/RefAddr done
Event: 17.318 Loading class javax/naming/StringRefAddr
Event: 17.318 Loading class javax/naming/StringRefAddr done
Event: 17.411 Loading class java/util/concurrent/CompletableFuture$AltResult
Event: 17.412 Loading class java/util/concurrent/CompletableFuture$AltResult done
Event: 17.412 Loading class java/util/concurrent/CompletableFuture$Completion
Event: 17.412 Loading class java/util/concurrent/CompletableFuture$AsynchronousCompletionTask
Event: 17.412 Loading class java/util/concurrent/CompletableFuture$AsynchronousCompletionTask done
Event: 17.413 Loading class java/util/concurrent/CompletableFuture$Completion done

Classes unloaded (0 events):
No events

Classes redefined (0 events):
No events

Internal exceptions (20 events):
Event: 12.942 Thread 0x0000012610ea2890 Exception <a 'sun/nio/fs/WindowsException'{0x00000000cc249f60}> (0x00000000cc249f60) 
thrown [s\open\src\hotspot\share\prims\jni.cpp, line 520]
Event: 12.943 Thread 0x0000012610ea2890 Exception <a 'sun/nio/fs/WindowsException'{0x00000000cc24a6c0}> (0x00000000cc24a6c0) 
thrown [s\open\src\hotspot\share\prims\jni.cpp, line 520]
Event: 12.950 Thread 0x0000012610ea2890 Exception <a 'java/lang/NoSuchMethodError'{0x00000000cc2618f0}: 'int java.lang.invoke.DirectMethodHandle$Holder.invokeVirtual(java.lang.Object, java.lang.Object, java.lang.Object, java.lang.Object)'> (0x00000000cc2618f0) 
thrown [s\open\src\hotspot\share\interpreter\linkResolver.cpp, line 773]
Event: 12.951 Thread 0x0000012610ea2890 Exception <a 'java/lang/NoSuchMethodError'{0x00000000cc265358}: 'int java.lang.invoke.DelegatingMethodHandle$Holder.reinvoke_L(java.lang.Object, java.lang.Object, java.lang.Object, java.lang.Object)'> (0x00000000cc265358) 
thrown [s\open\src\hotspot\share\interpreter\linkResolver.cpp, line 773]
Event: 13.098 Thread 0x0000012610ea2890 Exception <a 'java/io/FileNotFoundException'{0x00000000cc08dc78}> (0x00000000cc08dc78) 
thrown [s\open\src\hotspot\share\prims\jni.cpp, line 520]
Event: 13.217 Thread 0x0000012610ea2890 Exception <a 'java/lang/NoSuchMethodError'{0x00000000cbd3cd00}: 'int java.lang.invoke.DirectMethodHandle$Holder.invokeInterface(java.lang.Object, java.lang.Object, java.lang.Object, java.lang.Object)'> (0x00000000cbd3cd00) 
thrown [s\open\src\hotspot\share\interpreter\linkResolver.cpp, line 773]
Event: 13.442 Thread 0x0000012610ea2890 Exception <a 'java/lang/NoSuchMethodError'{0x00000000cba77110}: 'java.lang.Object java.lang.invoke.DirectMethodHandle$Holder.invokeStaticInit(java.lang.Object, java.lang.Object, java.lang.Object, java.lang.Object)'> (0x00000000cba77110) 
thrown [s\open\src\hotspot\share\interpreter\linkResolver.cpp, line 773]
Event: 13.456 Thread 0x0000012610ea2890 Exception <a 'java/lang/IncompatibleClassChangeError'{0x00000000cba86450}: Found class java.lang.Object, but interface was expected> (0x00000000cba86450) 
thrown [s\open\src\hotspot\share\interpreter\linkResolver.cpp, line 840]
Event: 13.461 Thread 0x0000012610ea2890 Exception <a 'java/lang/IncompatibleClassChangeError'{0x00000000cba91eb8}: Found class java.lang.Object, but interface was expected> (0x00000000cba91eb8) 
thrown [s\open\src\hotspot\share\interpreter\linkResolver.cpp, line 840]
Event: 13.506 Thread 0x0000012610ea2890 Exception <a 'java/lang/IncompatibleClassChangeError'{0x00000000cbab9908}: Found class java.lang.Object, but interface was expected> (0x00000000cbab9908) 
thrown [s\open\src\hotspot\share\interpreter\linkResolver.cpp, line 840]
Event: 14.139 Thread 0x0000012610ea2890 Exception <a 'java/lang/NoSuchMethodError'{0x00000000cbdafdb8}: 'void java.lang.invoke.DirectMethodHandle$Holder.invokeStaticInit(java.lang.Object, java.lang.Object, java.lang.Object, java.lang.Object, java.lang.Object)'> (0x00000000cbdafdb8) 
thrown [s\open\src\hotspot\share\interpreter\linkResolver.cpp, line 773]
Event: 14.660 Thread 0x0000012610ea2890 Exception <a 'java/lang/NoSuchMethodError'{0x00000000cc153840}: 'void java.lang.invoke.DirectMethodHandle$Holder.invokeInterface(java.lang.Object, java.lang.Object, int, java.lang.Object)'> (0x00000000cc153840) 
thrown [s\open\src\hotspot\share\interpreter\linkResolver.cpp, line 773]
Event: 14.662 Thread 0x0000012610ea2890 Exception <a 'java/lang/NoSuchMethodError'{0x00000000cc157470}: 'void java.lang.invoke.DelegatingMethodHandle$Holder.reinvoke_L(java.lang.Object, java.lang.Object, int, java.lang.Object)'> (0x00000000cc157470) 
thrown [s\open\src\hotspot\share\interpreter\linkResolver.cpp, line 773]
Event: 14.762 Thread 0x0000012610ea2890 Exception <a 'java/lang/NoSuchMethodError'{0x00000000cc0143c0}: 'java.lang.Object java.lang.invoke.DirectMethodHandle$Holder.invokeStatic(java.lang.Object, java.lang.Object, int, java.lang.Object)'> (0x00000000cc0143c0) 
thrown [s\open\src\hotspot\share\interpreter\linkResolver.cpp, line 773]
Event: 14.762 Thread 0x0000012610ea2890 Exception <a 'java/lang/NoSuchMethodError'{0x00000000cc01a9e0}: 'java.lang.Object java.lang.invoke.DirectMethodHandle$Holder.newInvokeSpecial(java.lang.Object, java.lang.Object, int)'> (0x00000000cc01a9e0) 
thrown [s\open\src\hotspot\share\interpreter\linkResolver.cpp, line 773]
Event: 14.952 Thread 0x0000012610ea2890 Exception <a 'java/lang/NoSuchMethodError'{0x00000000cbc0ed70}: 'long java.lang.invoke.DirectMethodHandle$Holder.invokeVirtual(java.lang.Object, java.lang.Object)'> (0x00000000cbc0ed70) 
thrown [s\open\src\hotspot\share\interpreter\linkResolver.cpp, line 773]
Event: 14.962 Thread 0x0000012610ea2890 Exception <a 'java/io/FileNotFoundException'{0x00000000cbc51328}> (0x00000000cbc51328) 
thrown [s\open\src\hotspot\share\prims\jni.cpp, line 520]
Event: 15.063 Thread 0x0000012610ea2890 Exception <a 'java/lang/NoSuchMethodError'{0x00000000cbad7b40}: 'java.lang.Object java.lang.invoke.DirectMethodHandle$Holder.newInvokeSpecial(java.lang.Object, java.lang.Object, java.lang.Object, java.lang.Object, java.lang.Object, java.lang.Object, java.lang.Object, java.lang.Object, java.lang.Object, java.lang.Object, java.lang.Object)'> (0x00000000cbad7b40) 
thrown [s\open\src\hotspot\share\interpreter\linkResolver.cpp, line 773]
Event: 15.392 Thread 0x0000012610ea2890 Exception <a 'java/lang/NoSuchMethodError'{0x00000000cc5a8818}: 'void java.lang.invoke.DelegatingMethodHandle$Holder.reinvoke_L(java.lang.Object, java.lang.Object, java.lang.Object, java.lang.Object, int, java.lang.Object, java.lang.Object, java.lang.Object)'> (0x00000000cc5a8818) 
thrown [s\open\src\hotspot\share\interpreter\linkResolver.cpp, line 773]
Event: 16.755 Thread 0x0000012610ea2890 Exception <a 'java/lang/NoSuchMethodError'{0x00000000cbec8d70}: 'int java.lang.invoke.Invokers$Holder.invokeExact_MT(java.lang.Object, java.lang.Object)'> (0x00000000cbec8d70) 
thrown [s\open\src\hotspot\share\interpreter\linkResolver.cpp, line 773]

ZGC Phase Switch (0 events):
No events

VM Operations (20 events):
Event: 14.888 Executing VM operation: HandshakeAllThreads (Deoptimize)
Event: 14.888 Executing VM operation: HandshakeAllThreads (Deoptimize) done
Event: 14.889 Executing VM operation: HandshakeAllThreads (Deoptimize)
Event: 14.889 Executing VM operation: HandshakeAllThreads (Deoptimize) done
Event: 14.968 Executing VM operation: HandshakeAllThreads (Deoptimize)
Event: 14.968 Executing VM operation: HandshakeAllThreads (Deoptimize) done
Event: 15.116 Executing VM operation: G1CollectForAllocation (G1 Evacuation Pause)
Event: 15.124 Executing VM operation: G1CollectForAllocation (G1 Evacuation Pause) done
Event: 15.212 Executing VM operation: G1PauseRemark
Event: 15.222 Executing VM operation: G1PauseRemark done
Event: 15.254 Executing VM operation: G1PauseCleanup
Event: 15.254 Executing VM operation: G1PauseCleanup done
Event: 15.540 Executing VM operation: HandshakeAllThreads (Deoptimize)
Event: 15.540 Executing VM operation: HandshakeAllThreads (Deoptimize) done
Event: 16.129 Executing VM operation: G1CollectForAllocation (G1 Evacuation Pause)
Event: 16.138 Executing VM operation: G1CollectForAllocation (G1 Evacuation Pause) done
Event: 17.142 Executing VM operation: Cleanup
Event: 17.142 Executing VM operation: Cleanup done
Event: 17.157 Executing VM operation: G1CollectForAllocation (G1 Evacuation Pause)
Event: 17.164 Executing VM operation: G1CollectForAllocation (G1 Evacuation Pause) done

Events (20 events):
Event: 15.221 Thread 0x00000125ae227e90 flushing nmethod 0x00000125bf9e0610
Event: 15.221 Thread 0x00000125ae227e90 flushing nmethod 0x00000125bf9df210
Event: 15.221 Thread 0x00000125ae227e90 flushing nmethod 0x00000125bf9a5110
Event: 15.221 Thread 0x00000125ae227e90 flushing nmethod 0x00000125bf981e10
Event: 15.221 Thread 0x00000125ae227e90 flushing nmethod 0x00000125bf99ab10
Event: 15.221 Thread 0x00000125ae227e90 flushing nmethod 0x00000125bf91cb10
Event: 15.221 Thread 0x00000125ae227e90 flushing nmethod 0x00000125bf988390
Event: 15.221 Thread 0x00000125ae227e90 flushing nmethod 0x00000125bf997a90
Event: 15.221 Thread 0x00000125ae227e90 flushing nmethod 0x00000125bf976f90
Event: 15.221 Thread 0x00000125ae227e90 flushing nmethod 0x00000125bf94e990
Event: 15.221 Thread 0x00000125ae227e90 flushing nmethod 0x00000125bf93e090
Event: 15.221 Thread 0x00000125ae227e90 flushing nmethod 0x00000125bf929f90
Event: 15.221 Thread 0x00000125ae227e90 flushing nmethod 0x00000125bf920c10
Event: 15.221 Thread 0x00000125ae227e90 flushing nmethod 0x00000125bf8fc990
Event: 15.221 Thread 0x00000125ae227e90 flushing nmethod 0x00000125bf8ea110
Event: 15.221 Thread 0x00000125ae227e90 flushing nmethod 0x00000125bf8e2090
Event: 15.221 Thread 0x00000125ae227e90 flushing nmethod 0x00000125bf8dc310
Event: 15.221 Thread 0x00000125ae227e90 flushing nmethod 0x00000125bf8c7790
Event: 15.221 Thread 0x00000125ae227e90 flushing nmethod 0x00000125bf8be610
Event: 15.221 Thread 0x00000125ae227e90 flushing nmethod 0x00000125bf874410


Dynamic libraries:
0x00007ff7abad0000 - 0x00007ff7abade000 	C:\Users\prateek\.jdks\openjdk-21.0.2\bin\java.exe
0x00007fffb0be0000 - 0x00007fffb0de9000 	C:\WINDOWS\SYSTEM32\ntdll.dll
0x00007fffaf7a0000 - 0x00007fffaf85d000 	C:\WINDOWS\System32\KERNEL32.DLL
0x00007fffae070000 - 0x00007fffae3f4000 	C:\WINDOWS\System32\KERNELBASE.dll
0x00007fffae690000 - 0x00007fffae7a1000 	C:\WINDOWS\System32\ucrtbase.dll
0x00007fffa2050000 - 0x00007fffa206b000 	C:\Users\prateek\.jdks\openjdk-21.0.2\bin\VCRUNTIME140.dll
0x00007fffa2cc0000 - 0x00007fffa2cd8000 	C:\Users\prateek\.jdks\openjdk-21.0.2\bin\jli.dll
0x00007fffb05c0000 - 0x00007fffb076d000 	C:\WINDOWS\System32\USER32.dll
0x00007fffae570000 - 0x00007fffae596000 	C:\WINDOWS\System32\win32u.dll
0x00007fffaf560000 - 0x00007fffaf58a000 	C:\WINDOWS\System32\GDI32.dll
0x00007fffae850000 - 0x00007fffae96e000 	C:\WINDOWS\System32\gdi32full.dll
0x00007fffae7b0000 - 0x00007fffae84d000 	C:\WINDOWS\System32\msvcp_win.dll
0x00007fff958e0000 - 0x00007fff95b85000 	C:\WINDOWS\WinSxS\amd64_microsoft.windows.common-controls_6595b64144ccf1df_6.0.22000.120_none_9d947278b86cc467\COMCTL32.dll
0x00007fffaf490000 - 0x00007fffaf533000 	C:\WINDOWS\System32\msvcrt.dll
0x00007fffb0410000 - 0x00007fffb0441000 	C:\WINDOWS\System32\IMM32.DLL
0x00007fffa8590000 - 0x00007fffa859c000 	C:\Users\prateek\.jdks\openjdk-21.0.2\bin\vcruntime140_1.dll
0x00007fff92cf0000 - 0x00007fff92d7e000 	C:\Users\prateek\.jdks\openjdk-21.0.2\bin\msvcp140.dll
0x00007fff22f80000 - 0x00007fff23c97000 	C:\Users\prateek\.jdks\openjdk-21.0.2\bin\server\jvm.dll
0x00007fffafce0000 - 0x00007fffafd8e000 	C:\WINDOWS\System32\ADVAPI32.dll
0x00007fffb0af0000 - 0x00007fffb0b8e000 	C:\WINDOWS\System32\sechost.dll
0x00007fffb0160000 - 0x00007fffb0281000 	C:\WINDOWS\System32\RPCRT4.dll
0x00007fffaf3b0000 - 0x00007fffaf41f000 	C:\WINDOWS\System32\WS2_32.dll
0x00007fffadf40000 - 0x00007fffadf8d000 	C:\WINDOWS\SYSTEM32\POWRPROF.dll
0x00007fffa4dd0000 - 0x00007fffa4dda000 	C:\WINDOWS\SYSTEM32\VERSION.dll
0x00007fffa83d0000 - 0x00007fffa8403000 	C:\WINDOWS\SYSTEM32\WINMM.dll
0x00007fffadf20000 - 0x00007fffadf33000 	C:\WINDOWS\SYSTEM32\UMPDC.dll
0x00007fffad0e0000 - 0x00007fffad0f8000 	C:\WINDOWS\SYSTEM32\kernel.appcore.dll
0x00007fffa2040000 - 0x00007fffa204a000 	C:\Users\prateek\.jdks\openjdk-21.0.2\bin\jimage.dll
0x00007fffa4de0000 - 0x00007fffa5001000 	C:\WINDOWS\SYSTEM32\DBGHELP.DLL
0x00007fff961f0000 - 0x00007fff96221000 	C:\WINDOWS\SYSTEM32\dbgcore.DLL
0x00007fffae610000 - 0x00007fffae68f000 	C:\WINDOWS\System32\bcryptPrimitives.dll
0x00007fffa1d20000 - 0x00007fffa1d2f000 	C:\Users\prateek\.jdks\openjdk-21.0.2\bin\instrument.dll
0x00007fffa2020000 - 0x00007fffa203f000 	C:\Users\prateek\.jdks\openjdk-21.0.2\bin\java.dll
0x00007fffaeb30000 - 0x00007fffaf2f5000 	C:\WINDOWS\System32\SHELL32.dll
0x00007fffac140000 - 0x00007fffac9a2000 	C:\WINDOWS\SYSTEM32\windows.storage.dll
0x00007fffb0770000 - 0x00007fffb0ae6000 	C:\WINDOWS\System32\combase.dll
0x00007fffabfd0000 - 0x00007fffac137000 	C:\WINDOWS\SYSTEM32\wintypes.dll
0x00007fffaea40000 - 0x00007fffaeb2a000 	C:\WINDOWS\System32\SHCORE.dll
0x00007fffb0300000 - 0x00007fffb035d000 	C:\WINDOWS\System32\shlwapi.dll
0x00007fffadfa0000 - 0x00007fffadfc5000 	C:\WINDOWS\SYSTEM32\profapi.dll
0x00007fff78270000 - 0x00007fff78347000 	C:\Users\prateek\.jdks\openjdk-21.0.2\bin\jsvml.dll
0x00007fff98d40000 - 0x00007fff98d58000 	C:\Users\prateek\.jdks\openjdk-21.0.2\bin\zip.dll
0x00007fffa2010000 - 0x00007fffa2020000 	C:\Users\prateek\.jdks\openjdk-21.0.2\bin\net.dll
0x00007fffa80a0000 - 0x00007fffa81b4000 	C:\WINDOWS\SYSTEM32\WINHTTP.dll
0x00007fffad590000 - 0x00007fffad5f7000 	C:\WINDOWS\system32\mswsock.dll
0x00007fffa1f30000 - 0x00007fffa1f46000 	C:\Users\prateek\.jdks\openjdk-21.0.2\bin\nio.dll
0x00007fff98680000 - 0x00007fff9869a000 	C:\Program Files\JetBrains\IntelliJ IDEA Community Edition 2023.2.4\bin\breakgen64.dll
0x00007fffa2000000 - 0x00007fffa2009000 	C:\Users\prateek\.jdks\openjdk-21.0.2\bin\extnet.dll
0x00007fff99330000 - 0x00007fff9933a000 	C:\Users\prateek\.jdks\openjdk-21.0.2\bin\management.dll
0x00007fff98cb0000 - 0x00007fff98cbb000 	C:\Users\prateek\.jdks\openjdk-21.0.2\bin\management_ext.dll
0x00007fffb0450000 - 0x00007fffb0458000 	C:\WINDOWS\System32\PSAPI.DLL
0x00007fffacc00000 - 0x00007fffacc2d000 	C:\WINDOWS\SYSTEM32\IPHLPAPI.DLL
0x00007fffaea30000 - 0x00007fffaea39000 	C:\WINDOWS\System32\NSI.dll
0x00007fffacc30000 - 0x00007fffacd17000 	C:\WINDOWS\SYSTEM32\DNSAPI.dll
0x00007fff982a0000 - 0x00007fff982aa000 	C:\Windows\System32\rasadhlp.dll
0x00007fffa4cb0000 - 0x00007fffa4d31000 	C:\WINDOWS\System32\fwpuclnt.dll
0x00007fff98c70000 - 0x00007fff98c7e000 	C:\Users\prateek\.jdks\openjdk-21.0.2\bin\sunmscapi.dll
0x00007fffae400000 - 0x00007fffae562000 	C:\WINDOWS\System32\CRYPT32.dll
0x00007fffad920000 - 0x00007fffad948000 	C:\WINDOWS\SYSTEM32\ncrypt.dll
0x00007fffad8e0000 - 0x00007fffad917000 	C:\WINDOWS\SYSTEM32\NTASN1.dll
0x00007fffad7d0000 - 0x00007fffad7e8000 	C:\WINDOWS\SYSTEM32\CRYPTSP.dll
0x00007fffad040000 - 0x00007fffad075000 	C:\WINDOWS\system32\rsaenh.dll
0x00007fffad680000 - 0x00007fffad6ac000 	C:\WINDOWS\SYSTEM32\USERENV.dll
0x00007fffad950000 - 0x00007fffad977000 	C:\WINDOWS\SYSTEM32\bcrypt.dll
0x00007fffad7f0000 - 0x00007fffad7fc000 	C:\WINDOWS\SYSTEM32\CRYPTBASE.dll
0x00007fffa1ed0000 - 0x00007fffa1ee0000 	C:\Users\prateek\.jdks\openjdk-21.0.2\bin\verify.dll

dbghelp: loaded successfully - version: 4.0.5 - missing functions: none
symbol engine: initialized successfully - sym options: 0x614 - pdb path: .;C:\Users\prateek\.jdks\openjdk-21.0.2\bin;C:\WINDOWS\SYSTEM32;C:\WINDOWS\WinSxS\amd64_microsoft.windows.common-controls_6595b64144ccf1df_6.0.22000.120_none_9d947278b86cc467;C:\Users\prateek\.jdks\openjdk-21.0.2\bin\server;C:\Program Files\JetBrains\IntelliJ IDEA Community Edition 2023.2.4\bin

VM Arguments:
jvm_args: -javaagent:C:\Program Files\JetBrains\IntelliJ IDEA Community Edition 2023.2.4\lib\idea_rt.jar=51088:C:\Program Files\JetBrains\IntelliJ IDEA Community Edition 2023.2.4\bin -Dfile.encoding=UTF-8 -Dsun.stdout.encoding=UTF-8 -Dsun.stderr.encoding=UTF-8 
java_command: com.gfg_JBDL65.Order_service.OrderServiceApplication
java_class_path (initial): P:\JBDL-65(Spring,Springboot)\Spring live\L16_Secound_Service\Order_service\target\classes;C:\Users\prateek\.m2\repository\org\springframework\boot\spring-boot-starter-actuator\3.2.5\spring-boot-starter-actuator-3.2.5.jar;C:\Users\prateek\.m2\repository\org\springframework\boot\spring-boot-starter\3.2.5\spring-boot-starter-3.2.5.jar;C:\Users\prateek\.m2\repository\org\springframework\boot\spring-boot-starter-logging\3.2.5\spring-boot-starter-logging-3.2.5.jar;C:\Users\prateek\.m2\repository\ch\qos\logback\logback-classic\1.4.14\logback-classic-1.4.14.jar;C:\Users\prateek\.m2\repository\ch\qos\logback\logback-core\1.4.14\logback-core-1.4.14.jar;C:\Users\prateek\.m2\repository\org\apache\logging\log4j\log4j-to-slf4j\2.21.1\log4j-to-slf4j-2.21.1.jar;C:\Users\prateek\.m2\repository\org\apache\logging\log4j\log4j-api\2.21.1\log4j-api-2.21.1.jar;C:\Users\prateek\.m2\repository\org\slf4j\jul-to-slf4j\2.0.13\jul-to-slf4j-2.0.13.jar;C:\Users\prateek\.m2\repository\jakarta\annotation\jakarta.annotation-api\2.1.1\jakarta.annotation-api-2.1.1.jar;C:\Users\prateek\.m2\repository\org\yaml\snakeyaml\2.2\snakeyaml-2.2.jar;C:\Users\prateek\.m2\repository\org\springframework\boot\spring-boot-actuator-autoconfigure\3.2.5\spring-boot-actuator-autoconfigure-3.2.5.jar;C:\Users\prateek\.m2\repository\org\springframework\boot\spring-boot-actuator\3.2.5\spring-boot-actuator-3.2.5.jar;C:\Users\prateek\.m2\repository\com\fasterxml\jackson\core\jackson-databind\2.15.4\jackson-databind-2.15.4.jar;C:\Users\prateek\.m2\repository\com\fasterxml\jackson\datatype\jackson-datatype-jsr310\2.15.4\jackson-datatype-jsr310-2.15.4.jar;C:\Users\prateek\.m2\repository\io\micrometer\micrometer-observation\1.12.5\micrometer-observation-1.12.5.jar;C:\Users\prateek\.m2\repository\io\micrometer\micrometer-commons\1.12.5\micrometer-commons-1.12.5.jar;C:\Users\prateek\.m2\repository\io\micrometer\micrometer-jakarta9\1.12.5\micrometer-jakarta9-1.12.5.jar;C:\Users\prateek\.m2\repository\io\micrometer\micrometer-core\1.12.5\micrometer-core-1.12.5.jar;C:\Users\prateek\.m2\repository\org\hdrhistogram\HdrHistogram\2.1.12\HdrHistogram-2.1.12.jar;C:\Users\prateek\.m2\repository\org\latencyutils\LatencyUtils\2.0.3\LatencyUtils-2.0.3.jar;C:\Users\prateek\.m2\repository\org\springframework\boot\spring-boot-starter-data-jpa\3.2.5\spring-boot-starter-data-jpa-3.2.5.jar;C:\Users\prateek\.m2\repository\org\springframework\boot\spring-boot-starter-aop\3.2.5\spring-boot-starter-aop-3.2.5.jar;C:\Users\prateek\.m2\repository\org\springframework\spring-aop\6.1.6\spring-aop-6.1.6.jar;C:\Users\prateek\.m2\repository\org\aspectj\aspectjweaver\1.9.22\aspectjweaver-1.9.22.jar;C:\Users\prateek\.m2\repository\org\springframework\boot\spring-boot-starter-jdbc\3.2.5\spring-boot-starter-jdbc-3.2.5.jar;C:\Users\prateek\.m2\repository\com\zaxxer\HikariCP\5.0.1\HikariCP-5.0.1.jar;C:\Users\prateek\.m2\repository\org\springframework\spring-jdbc\6.1.6\spring-jdbc-6.1.6.jar;C:\Users\prateek\.m2\repository\org\hibernate\orm\hibernate-core\6.4.4.Final\hibernate-core-6.4.4.Final.jar;C:\Users\prateek\.m2\repository\jakarta\persistence\jakarta.persistence-api\3.1.0\jakarta.persistence-api-3.1.0.jar;C:\Users\prateek\.m2\repository\jakarta\transaction\jakarta.transaction-api\2.0.1\jakarta.transaction-api-2.0.1.jar;C:\Users\prateek\.m2\repository\org\jboss\logging\jboss-logging\3.5.3.Final\jboss-logging-3.5.3.Final.jar;C:\Users\prateek\.m2\repository\org\hibernate\common\hibernate-commons-annotations\6.0.6.Final\hibernate-commons-annotations-6.0.6.Final.jar;C:\Users\prateek\.m2\repository\io\smallrye\jandex\3.1.2\jandex-3.1.2.jar;C:\Users\prateek\.m2\repository\com\fasterxml\classmate\1.6.0\classmate-1.6.0.jar;C:\Users\prateek\.m2\repository\net\bytebuddy\byte-buddy\1.14.13\byte-buddy-1.14.13.jar;C:\Users\prateek\.m2\repository\org\glassfish\jaxb\jaxb-runtime\4.0.5\jaxb-runtime-4.0.5.jar;C:\Users\prateek\.m2\repository\org\glassfish\jaxb\jaxb-core\4.0.5\jaxb-core-4.0.5.jar;C:\Users\prateek\.m2\repository\org\eclipse\angus\angus-activation\2.0.2\angus-activation-2.0.2.jar;C:\Users\prateek\.m2\repository\org\glassfish\jaxb\txw2\4.0.5\txw2-4.0.5.jar;C:\Users\prateek\.m2\repository\com\sun\istack\istack-commons-runtime\4.1.2\istack-commons-runtime-4.1.2.jar;C:\Users\prateek\.m2\repository\jakarta\inject\jakarta.inject-api\2.0.1\jakarta.inject-api-2.0.1.jar;C:\Users\prateek\.m2\repository\org\antlr\antlr4-runtime\4.13.0\antlr4-runtime-4.13.0.jar;C:\Users\prateek\.m2\repository\org\springframework\data\spring-data-jpa\3.2.5\spring-data-jpa-3.2.5.jar;C:\Users\prateek\.m2\repository\org\springframework\data\spring-data-commons\3.2.5\spring-data-commons-3.2.5.jar;C:\Users\prateek\.m2\repository\org\springframework\spring-orm\6.1.6\spring-orm-6.1.6.jar;C:\Users\prateek\.m2\repository\org\springframework\spring-context\6.1.6\spring-context-6.1.6.jar;C:\Users\prateek\.m2\repository\org\springframework\spring-tx\6.1.6\spring-tx-6.1.6.jar;C:\Users\prateek\.m2\repository\org\springframework\spring-beans\6.1.6\spring-beans-6.1.6.jar;C:\Users\prateek\.m2\repository\org\slf4j\slf4j-api\2.0.13\slf4j-api-2.0.13.jar;C:\Users\prateek\.m2\repository\org\springframework\spring-aspects\6.1.6\spring-aspects-6.1.6.jar;C:\Users\prateek\.m2\repository\org\springframework\boot\spring-boot-starter-data-rest\3.2.5\spring-boot-starter-data-rest-3.2.5.jar;C:\Users\prateek\.m2\repository\org\springframework\data\spring-data-rest-webmvc\4.2.5\spring-data-rest-webmvc-4.2.5.jar;C:\Users\prateek\.m2\repository\org\springframework\data\spring-data-rest-core\4.2.5\spring-data-rest-core-4.2.5.jar;C:\Users\prateek\.m2\repository\org\springframework\hateoas\spring-hateoas\2.2.2\spring-hateoas-2.2.2.jar;C:\Users\prateek\.m2\repository\org\springframework\plugin\spring-plugin-core\3.0.0\spring-plugin-core-3.0.0.jar;C:\Users\prateek\.m2\repository\org\atteo\evo-inflector\1.3\evo-inflector-1.3.jar;C:\Users\prateek\.m2\repository\com\fasterxml\jackson\core\jackson-annotations\2.15.4\jackson-annotations-2.15.4.jar;C:\Users\prateek\.m2\repository\org\springframework\boot\spring-boot-starter-web\3.2.5\spring-boot-starter-web-3.2.5.jar;C:\Users\prateek\.m2\repository\org\springframework\boot\spring-boot-starter-json\3.2.5\spring-boot-starter-json-3.2.5.jar;C:\Users\prateek\.m2\repository\com\fasterxml\jackson\datatype\jackson-datatype-jdk8\2.15.4\jackson-datatype-jdk8-2.15.4.jar;C:\Users\prateek\.m2\repository\com\fasterxml\jackson\module\jackson-module-parameter-names\2.15.4\jackson-module-parameter-names-2.15.4.jar;C:\Users\prateek\.m2\repository\org\springframework\boot\spring-boot-starter-tomcat\3.2.5\spring-boot-starter-tomcat-3.2.5.jar;C:\Users\prateek\.m2\repository\org\apache\tomcat\embed\tomcat-embed-core\10.1.20\tomcat-embed-core-10.1.20.jar;C:\Users\prateek\.m2\repository\org\apache\tomcat\embed\tomcat-embed-el\10.1.20\tomcat-embed-el-10.1.20.jar;C:\Users\prateek\.m2\repository\org\apache\tomcat\embed\tomcat-embed-websocket\10.1.20\tomcat-embed-websocket-10.1.20.jar;C:\Users\prateek\.m2\repository\org\springframework\spring-web\6.1.6\spring-web-6.1.6.jar;C:\Users\prateek\.m2\repository\org\springframework\spring-webmvc\6.1.6\spring-webmvc-6.1.6.jar;C:\Users\prateek\.m2\repository\org\springframework\spring-expression\6.1.6\spring-expression-6.1.6.jar;C:\Users\prateek\.m2\repository\org\springframework\cloud\spring-cloud-starter-netflix-eureka-client\4.1.1\spring-cloud-starter-netflix-eureka-client-4.1.1.jar;C:\Users\prateek\.m2\repository\org\springframework\cloud\spring-cloud-starter\4.1.2\spring-cloud-starter-4.1.2.jar;C:\Users\prateek\.m2\repository\org\springframework\cloud\spring-cloud-context\4.1.2\spring-cloud-context-4.1.2.jar;C:\Users\prateek\.m2\repository\org\springframework\security\spring-security-crypto\6.2.4\spring-security-crypto-6.2.4.jar;C:\Users\prateek\.m2\repository\org\springframework\cloud\spring-cloud-commons\4.1.2\spring-cloud-commons-4.1.2.jar;C:\Users\prateek\.m2\repository\org\springframework\security\spring-security-rsa\1.1.2\spring-security-rsa-1.1.2.jar;C:\Users\prateek\.m2\repository\org\bouncycastle\bcprov-jdk18on\1.77\bcprov-jdk18on-1.77.jar;C:\Users\prateek\.m2\repository\org\springframework\cloud\spring-cloud-netflix-eureka-client\4.1.1\spring-cloud-netflix-eureka-client-4.1.1.jar;C:\Users\prateek\.m2\repository\org\apache\httpcomponents\client5\httpclient5\5.2.3\httpclient5-5.2.3.jar;C:\Users\prateek\.m2\repository\org\apache\httpcomponents\core5\httpcore5\5.2.4\httpcore5-5.2.4.jar;C:\Users\prateek\.m2\repository\org\apache\httpcomponents\core5\httpcore5-h2\5.2.4\httpcore5-h2-5.2.4.jar;C:\Users\prateek\.m2\repository\com\netflix\eureka\eureka-client\2.0.2\eureka-client-2.0.2.jar;C:\Users\prateek\.m2\repository\com\netflix\netflix-commons\netflix-eventbus\0.3.0\netflix-eventbus-0.3.0.jar;C:\Users\prateek\.m2\repository\com\netflix\netflix-commons\netflix-infix\0.3.0\netflix-infix-0.3.0.jar;C:\Users\prateek\.m2\repository\commons-jxpath\commons-jxpath\1.3\commons-jxpath-1.3.jar;C:\Users\prateek\.m2\repository\joda-time\joda-time\2.3\joda-time-2.3.jar;C:\Users\prateek\.m2\repository\org\antlr\antlr-runtime\3.4\antlr-runtime-3.4.jar;C:\Users\prateek\.m2\repository\org\antlr\stringtemplate\3.2.1\stringtemplate-3.2.1.jar;C:\Users\prateek\.m2\repository\antlr\antlr\2.7.7\antlr-2.7.7.jar;C:\Users\prateek\.m2\repository\com\google\code\gson\gson\2.10.1\gson-2.10.1.jar;C:\Users\prateek\.m2\repository\org\apache\commons\commons-math\2.2\commons-math-2.2.jar;C:\Users\prateek\.m2\repository\com\thoughtworks\xstream\xstream\1.4.19\xstream-1.4.19.jar;C:\Users\prateek\.m2\repository\io\github\x-stream\mxparser\1.2.2\mxparser-1.2.2.jar;C:\Users\prateek\.m2\repository\xmlpull\xmlpull\1.1.3.1\xmlpull-1.1.3.1.jar;C:\Users\prateek\.m2\repository\jakarta\ws\rs\jakarta.ws.rs-api\3.1.0\jakarta.ws.rs-api-3.1.0.jar;C:\Users\prateek\.m2\repository\com\netflix\servo\servo-core\0.12.21\servo-core-0.12.21.jar;C:\Users\prateek\.m2\repository\com\google\guava\guava\19.0\guava-19.0.jar;C:\Users\prateek\.m2\repository\org\apache\httpcomponents\httpclient\4.5.3\httpclient-4.5.3.jar;C:\Users\prateek\.m2\repository\org\apache\httpcomponents\httpcore\4.4.16\httpcore-4.4.16.jar;C:\Users\prateek\.m2\repository\commons-codec\commons-codec\1.16.1\commons-codec-1.16.1.jar;C:\Users\prateek\.m2\repository\commons-configuration\commons-configuration\1.10\commons-configuration-1.10.jar;C:\Users\prateek\.m2\repository\commons-lang\commons-lang\2.6\commons-lang-2.6.jar;C:\Users\prateek\.m2\repository\com\fasterxml\jackson\core\jackson-core\2.15.4\jackson-core-2.15.4.jar;C:\Users\prateek\.m2\repository\org\codehaus\jettison\jettison\1.5.4\jettison-1.5.4.jar;C:\Users\prateek\.m2\repository\com\netflix\eureka\eureka-core\2.0.2\eureka-core-2.0.2.jar;C:\Users\prateek\.m2\repository\com\fasterxml\woodstox\woodstox-core\6.2.1\woodstox-core-6.2.1.jar;C:\Users\prateek\.m2\repository\org\codehaus\woodstox\stax2-api\4.2.1\stax2-api-4.2.1.jar;C:\Users\prateek\.m2\repository\org\springframework\cloud\spring-cloud-starter-loadbalancer\4.1.2\spring-cloud-starter-loadbalancer-4.1.2.jar;C:\Users\prateek\.m2\repository\org\springframework\cloud\spring-cloud-loadbalancer\4.1.2\spring-cloud-loadbalancer-4.1.2.jar;C:\Users\prateek\.m2\repository\io\projectreactor\reactor-core\3.6.5\reactor-core-3.6.5.jar;C:\Users\prateek\.m2\repository\org\reactivestreams\reactive-streams\1.0.4\reactive-streams-1.0.4.jar;C:\Users\prateek\.m2\repository\io\projectreactor\addons\reactor-extra\3.5.1\reactor-extra-3.5.1.jar;C:\Users\prateek\.m2\repository\org\springframework\boot\spring-boot-starter-cache\3.2.5\spring-boot-starter-cache-3.2.5.jar;C:\Users\prateek\.m2\repository\org\springframework\spring-context-support\6.1.6\spring-context-support-6.1.6.jar;C:\Users\prateek\.m2\repository\com\stoyanr\evictor\1.0.0\evictor-1.0.0.jar;C:\Users\prateek\.m2\repository\org\springframework\boot\spring-boot-devtools\3.2.5\spring-boot-devtools-3.2.5.jar;C:\Users\prateek\.m2\repository\org\springframework\boot\spring-boot\3.2.5\spring-boot-3.2.5.jar;C:\Users\prateek\.m2\repository\org\springframework\boot\spring-boot-autoconfigure\3.2.5\spring-boot-autoconfigure-3.2.5.jar;C:\Users\prateek\.m2\repository\org\projectlombok\lombok\1.18.32\lombok-1.18.32.jar;C:\Users\prateek\.m2\repository\com\jayway\jsonpath\json-path\2.9.0\json-path-2.9.0.jar;C:\Users\prateek\.m2\repository\jakarta\xml\bind\jakarta.xml.bind-api\4.0.2\jakarta.xml.bind-api-4.0.2.jar;C:\Users\prateek\.m2\repository\jakarta\activation\jakarta.activation-api\2.1.3\jakarta.activation-api-2.1.3.jar;C:\Users\prateek\.m2\repository\net\minidev\json-smart\2.5.1\json-smart-2.5.1.jar;C:\Users\prateek\.m2\repository\net\minidev\accessors-smart\2.5.1\accessors-smart-2.5.1.jar;C:\Users\prateek\.m2\repository\org\ow2\asm\asm\9.6\asm-9.6.jar;C:\Users\prateek\.m2\repository\org\springframework\spring-core\6.1.6\spring-core-6.1.6.jar;C:\Users\prateek\.m2\repository\org\springframework\spring-jcl\6.1.6\spring-jcl-6.1.6.jar;C:\Users\prateek\.m2\repository\com\h2database\h2\2.2.224\h2-2.2.224.jar
Launcher Type: SUN_STANDARD

[Global flags]
     intx CICompilerCount                          = 3                                         {product} {ergonomic}
     uint ConcGCThreads                            = 1                                         {product} {ergonomic}
     uint G1ConcRefinementThreads                  = 4                                         {product} {ergonomic}
   size_t G1HeapRegionSize                         = 1048576                                   {product} {ergonomic}
    uintx GCDrainStackTargetSize                   = 64                                        {product} {ergonomic}
   size_t InitialHeapSize                          = 58720256                                  {product} {ergonomic}
   size_t MarkStackSize                            = 4194304                                   {product} {ergonomic}
   size_t MaxHeapSize                              = 924844032                                 {product} {ergonomic}
   size_t MaxNewSize                               = 554696704                                 {product} {ergonomic}
   size_t MinHeapDeltaBytes                        = 1048576                                   {product} {ergonomic}
   size_t MinHeapSize                              = 8388608                                   {product} {ergonomic}
    uintx NonNMethodCodeHeapSize                   = 5832780                                {pd product} {ergonomic}
    uintx NonProfiledCodeHeapSize                  = 122912730                              {pd product} {ergonomic}
    uintx ProfiledCodeHeapSize                     = 122912730                              {pd product} {ergonomic}
    uintx ReservedCodeCacheSize                    = 251658240                              {pd product} {ergonomic}
     bool SegmentedCodeCache                       = true                                      {product} {ergonomic}
   size_t SoftMaxHeapSize                          = 924844032                              {manageable} {ergonomic}
     bool UseCompressedOops                        = true                           {product lp64_product} {ergonomic}
     bool UseG1GC                                  = true                                      {product} {ergonomic}
     bool UseLargePagesIndividualAllocation        = false                                  {pd product} {ergonomic}

Logging:
Log output configuration:
 #0: stdout all=warning uptime,level,tags foldmultilines=false
 #1: stderr all=off uptime,level,tags foldmultilines=false

Environment Variables:
JAVA_HOME=C:\Program Files\Java\jdk1.8.0_202\bin\appletviewer.exe
PATH=C:\Program Files (x86)\Common Files\Oracle\Java\javapath;D:\oracle\product\10.2.0\db_1\bin;C:\windows\system32;C:\windows;C:\windows\System32\Wbem;C:\windows\System32\WindowsPowerShell\v1.0\;C:\windows\System32\OpenSSH\;C:\Program Files\Java\jdk-15.0.1\bin;C:\MinGW\bin;C:\MinGW\msys\1.0\bin;C:\mingw64\bin;C:\Program Files\Java\jdk-16.0.2\bin;C:\Program Files\Java\jdk1.8.0_301\bin;C:\Program Files\Git\cmd;C:\Program Files\Java\jdk-17.0.1\bin;C:\ProgramData\chocolatey\bin;C:\Program Files\Microsoft SQL Server\150\Tools\Binn\;C:\Program Files\dotnet\;C:\WINDOWS\system32;C:\WINDOWS;C:\WINDOWS\System32\Wbem;C:\WINDOWS\System32\WindowsPowerShell\v1.0\;C:\WINDOWS\System32\OpenSSH\;C:\Program Files\Redis;C:\Users\prateek\AppData\Local\Microsoft\WindowsApps;C:\Program Files\CodeBlocks\MinGW\bin;C:\MinGW\bin;C:\Program Files\MongoDB\Server\4.4\bin;C:\Program Files\JetBrains\IntelliJ IDEA Community Edition 2023.2.4\bin;;C:\Program Files\Java\jdk1.8.0_301\bin;C:\Users\prateek\.dotnet\tools;C:\Users\prateek\AppData\Local\GitHubDesktop\bin
USERNAME=prateek
OS=Windows_NT
PROCESSOR_IDENTIFIER=AMD64 Family 23 Model 24 Stepping 1, AuthenticAMD
TMP=C:\Users\prateek\AppData\Local\Temp
TEMP=C:\Users\prateek\AppData\Local\Temp




Periodic native trim disabled

---------------  S Y S T E M  ---------------

OS:
 Windows 11 , 64 bit Build 22000 (10.0.22000.2538)
OS uptime: 2 days 23:00 hours

CPU: total 4 (initial active 4) (4 cores per cpu, 2 threads per core) family 23 model 24 stepping 1 microcode 0x0, cx8, cmov, fxsr, ht, mmx, 3dnowpref, sse, sse2, sse3, ssse3, sse4a, sse4.1, sse4.2, popcnt, lzcnt, tsc, tscinvbit, avx, avx2, aes, clmul, bmi1, bmi2, adx, sha, fma, vzeroupper, clflush, clflushopt, rdtscp, f16c
Processor Information for all 4 processors :
  Max Mhz: 2600, Current Mhz: 2600, Mhz Limit: 2600

Memory: 4k page, system-wide physical 3526M (108M free)
TotalPageFile size 14278M (AvailPageFile size 4M)
current process WorkingSet (physical memory assigned to process): 226M, peak: 226M
current process commit charge ("private bytes"): 257M, peak: 257M

vm_info: OpenJDK 64-Bit Server VM (21.0.2+13-58) for windows-amd64 JRE (21.0.2+13-58), built on 2024-01-05T18:32:24Z by "mach5one" with MS VC++ 17.1 (VS2022)

END.
