#
# There is insufficient memory for the Java Runtime Environment to continue.
# Native memory allocation (mmap) failed to map 536870912 bytes for G1 virtual space
# Possible reasons:
#   The system is out of physical RAM or swap space
#   The process is running with CompressedOops enabled, and the Java Heap may be blocking the growth of the native heap
# Possible solutions:
#   Reduce memory load on the system
#   Increase physical memory or swap space
#   Check if swap backing store is full
#   Decrease Java heap size (-Xmx/-Xms)
#   Decrease number of Java threads
#   Decrease Java thread stack sizes (-Xss)
#   Set larger code cache with -XX:ReservedCodeCacheSize=
#   JVM is running with Unscaled Compressed Oops mode in which the Java heap is
#     placed in the first 4GB address space. The Java Heap base address is the
#     maximum limit for the native heap growth. Please use -XX:HeapBaseMinAddress
#     to set the Java Heap base and to place the Java Heap above 4GB virtual address.
# This output file may be truncated or incomplete.
#
#  Out of Memory Error (os_windows.cpp:3600), pid=19804, tid=16392
#
# JRE version:  (21.0.2+13) (build )
# Java VM: OpenJDK 64-Bit Server VM (21.0.2+13-58, mixed mode, sharing, tiered, compressed oops, compressed class ptrs, g1 gc, windows-amd64)
# No core dump will be written. Minidumps are not enabled by default on client versions of Windows
#

---------------  S U M M A R Y ------------

Command Line: -Dmaven.multiModuleProjectDirectory=P:\JBDL-65(Spring,Springboot)\Spring live\L16_Secound_Service\Order_service -Djansi.passthrough=true -Xms512m -Xmx1024m -Dmaven.home=C:\Users\prateek\.m2\wrapper\dists\apache-maven-3.9.5-bin\2adeog8mj13csp1uusqnc1f2mo\apache-maven-3.9.5 -Dclassworlds.conf=C:\Users\prateek\.m2\wrapper\dists\apache-maven-3.9.5-bin\2adeog8mj13csp1uusqnc1f2mo\apache-maven-3.9.5\bin\m2.conf -Dmaven.ext.class.path=C:\Program Files\JetBrains\IntelliJ IDEA Community Edition 2023.2.4\plugins\maven\lib\maven-event-listener.jar -javaagent:C:\Program Files\JetBrains\IntelliJ IDEA Community Edition 2023.2.4\lib\idea_rt.jar=51196:C:\Program Files\JetBrains\IntelliJ IDEA Community Edition 2023.2.4\bin -Dfile.encoding=UTF-8 -Dsun.stdout.encoding=UTF-8 -Dsun.stderr.encoding=UTF-8 org.codehaus.classworlds.Launcher -Didea.version=2023.2.4

Host: AMD Ryzen 3 3250U with Radeon Graphics         , 4 cores, 3G,  Windows 11 , 64 bit Build 22000 (10.0.22000.2538)
Time: Sun Apr 21 00:24:16 2024 India Standard Time elapsed time: 0.153983 seconds (0d 0h 0m 0s)

---------------  T H R E A D  ---------------

Current thread (0x0000021dfdfa0890):  JavaThread "Unknown thread" [_thread_in_vm, id=16392, stack(0x00000070ffd00000,0x00000070ffe00000) (1024K)]

Stack: [0x00000070ffd00000,0x00000070ffe00000]
Native frames: (J=compiled Java code, j=interpreted, Vv=VM code, C=native code)
V  [jvm.dll+0x6cade9]
V  [jvm.dll+0x8569c1]
V  [jvm.dll+0x858d2e]
V  [jvm.dll+0x859413]
V  [jvm.dll+0x280e56]
V  [jvm.dll+0x6c74d5]
V  [jvm.dll+0x6bbeca]
V  [jvm.dll+0x355bca]
V  [jvm.dll+0x35d816]
V  [jvm.dll+0x3ae67e]
V  [jvm.dll+0x3ae928]
V  [jvm.dll+0x3295dc]
V  [jvm.dll+0x32a16b]
V  [jvm.dll+0x81efa9]
V  [jvm.dll+0x3bba01]
V  [jvm.dll+0x807928]
V  [jvm.dll+0x44f50e]
V  [jvm.dll+0x450e11]
C  [jli.dll+0x52a3]
C  [ucrtbase.dll+0x26c0c]
C  [KERNEL32.DLL+0x153e0]
C  [ntdll.dll+0x485b]


---------------  P R O C E S S  ---------------

Threads class SMR info:
_java_thread_list=0x00007fff23b4bb88, length=0, elements={
}

Java Threads: ( => current thread )
Total: 0

Other Threads:
  0x0000021dff985620 WorkerThread "GC Thread#0"                     [id=11084, stack(0x00000070ffe00000,0x00000070fff00000) (1024K)]
  0x0000021dff98e510 ConcurrentGCThread "G1 Main Marker"            [id=18824, stack(0x00000070fff00000,0x0000007100000000) (1024K)]
  0x0000021dff98ef20 WorkerThread "G1 Conc#0"                       [id=1980, stack(0x0000007080000000,0x0000007080100000) (1024K)]

[error occurred during error reporting (printing all threads), id 0xc0000005, EXCEPTION_ACCESS_VIOLATION (0xc0000005) at pc=0x00007fff232bc6a7]
VM state: not at safepoint (not fully initialized)

VM Mutex/Monitor currently owned by a thread:  ([mutex/lock_event])
[0x00007fff23bbce68] Heap_lock - owner thread: 0x0000021dfdfa0890

Heap address: 0x00000000c0000000, size: 1024 MB, Compressed Oops mode: 32-bit

CDS archive(s) mapped at: [0x0000000000000000-0x0000000000000000-0x0000000000000000), size 0, SharedBaseAddress: 0x0000000800000000, ArchiveRelocationMode: 1.
Narrow klass base: 0x0000000000000000, Narrow klass shift: 0, Narrow klass range: 0x0

GC Precious Log:
 CardTable entry size: 512
 Card Set container configuration: InlinePtr #cards 5 size 8 Array Of Cards #cards 12 size 40 Howl #buckets 4 coarsen threshold 1843 Howl Bitmap #cards 512 size 80 coarsen threshold 460 Card regions per heap region 1 cards per card region 2048

Heap:
 garbage-first heap   total 0K, used 0K [0x00000000c0000000, 0x0000000100000000)
  region size 1024K, 0 young (0K), 0 survivors (0K)

[error occurred during error reporting (printing heap information), id 0xc0000005, EXCEPTION_ACCESS_VIOLATION (0xc0000005) at pc=0x00007fff236a39f9]
GC Heap History (0 events):
No events

Dll operation events (1 events):
Event: 0.111 Loaded shared library C:\Users\prateek\.jdks\openjdk-21.0.2\bin\java.dll

Deoptimization events (0 events):
No events

Classes loaded (0 events):
No events

Classes unloaded (0 events):
No events

Classes redefined (0 events):
No events

Internal exceptions (0 events):
No events

ZGC Phase Switch (0 events):
No events

VM Operations (0 events):
No events

Events (0 events):
No events


Dynamic libraries:
0x00007ff7abad0000 - 0x00007ff7abade000 	C:\Users\prateek\.jdks\openjdk-21.0.2\bin\java.exe
0x00007fffb0be0000 - 0x00007fffb0de9000 	C:\WINDOWS\SYSTEM32\ntdll.dll
0x00007fffaf7a0000 - 0x00007fffaf85d000 	C:\WINDOWS\System32\KERNEL32.DLL
0x00007fffae070000 - 0x00007fffae3f4000 	C:\WINDOWS\System32\KERNELBASE.dll
0x00007fffae690000 - 0x00007fffae7a1000 	C:\WINDOWS\System32\ucrtbase.dll
0x00007fffa2050000 - 0x00007fffa206b000 	C:\Users\prateek\.jdks\openjdk-21.0.2\bin\VCRUNTIME140.dll
0x00007fffa2cc0000 - 0x00007fffa2cd8000 	C:\Users\prateek\.jdks\openjdk-21.0.2\bin\jli.dll
0x00007fffb05c0000 - 0x00007fffb076d000 	C:\WINDOWS\System32\USER32.dll
0x00007fffae570000 - 0x00007fffae596000 	C:\WINDOWS\System32\win32u.dll
0x00007fffaf560000 - 0x00007fffaf58a000 	C:\WINDOWS\System32\GDI32.dll
0x00007fffae850000 - 0x00007fffae96e000 	C:\WINDOWS\System32\gdi32full.dll
0x00007fffae7b0000 - 0x00007fffae84d000 	C:\WINDOWS\System32\msvcp_win.dll
0x00007fff958e0000 - 0x00007fff95b85000 	C:\WINDOWS\WinSxS\amd64_microsoft.windows.common-controls_6595b64144ccf1df_6.0.22000.120_none_9d947278b86cc467\COMCTL32.dll
0x00007fffaf490000 - 0x00007fffaf533000 	C:\WINDOWS\System32\msvcrt.dll
0x00007fffb0410000 - 0x00007fffb0441000 	C:\WINDOWS\System32\IMM32.DLL
0x00007fffa8590000 - 0x00007fffa859c000 	C:\Users\prateek\.jdks\openjdk-21.0.2\bin\vcruntime140_1.dll
0x00007fff92cf0000 - 0x00007fff92d7e000 	C:\Users\prateek\.jdks\openjdk-21.0.2\bin\msvcp140.dll
0x00007fff22f80000 - 0x00007fff23c97000 	C:\Users\prateek\.jdks\openjdk-21.0.2\bin\server\jvm.dll
0x00007fffafce0000 - 0x00007fffafd8e000 	C:\WINDOWS\System32\ADVAPI32.dll
0x00007fffb0af0000 - 0x00007fffb0b8e000 	C:\WINDOWS\System32\sechost.dll
0x00007fffb0160000 - 0x00007fffb0281000 	C:\WINDOWS\System32\RPCRT4.dll
0x00007fffaf3b0000 - 0x00007fffaf41f000 	C:\WINDOWS\System32\WS2_32.dll
0x00007fffadf40000 - 0x00007fffadf8d000 	C:\WINDOWS\SYSTEM32\POWRPROF.dll
0x00007fffa83d0000 - 0x00007fffa8403000 	C:\WINDOWS\SYSTEM32\WINMM.dll
0x00007fffa4dd0000 - 0x00007fffa4dda000 	C:\WINDOWS\SYSTEM32\VERSION.dll
0x00007fffadf20000 - 0x00007fffadf33000 	C:\WINDOWS\SYSTEM32\UMPDC.dll
0x00007fffad0e0000 - 0x00007fffad0f8000 	C:\WINDOWS\SYSTEM32\kernel.appcore.dll
0x00007fffa2040000 - 0x00007fffa204a000 	C:\Users\prateek\.jdks\openjdk-21.0.2\bin\jimage.dll
0x00007fffa4de0000 - 0x00007fffa5001000 	C:\WINDOWS\SYSTEM32\DBGHELP.DLL
0x00007fff961f0000 - 0x00007fff96221000 	C:\WINDOWS\SYSTEM32\dbgcore.DLL
0x00007fffae610000 - 0x00007fffae68f000 	C:\WINDOWS\System32\bcryptPrimitives.dll
0x00007fffa1d20000 - 0x00007fffa1d2f000 	C:\Users\prateek\.jdks\openjdk-21.0.2\bin\instrument.dll
0x00007fffa2020000 - 0x00007fffa203f000 	C:\Users\prateek\.jdks\openjdk-21.0.2\bin\java.dll

dbghelp: loaded successfully - version: 4.0.5 - missing functions: none
symbol engine: initialized successfully - sym options: 0x614 - pdb path: .;C:\Users\prateek\.jdks\openjdk-21.0.2\bin;C:\WINDOWS\SYSTEM32;C:\WINDOWS\WinSxS\amd64_microsoft.windows.common-controls_6595b64144ccf1df_6.0.22000.120_none_9d947278b86cc467;C:\Users\prateek\.jdks\openjdk-21.0.2\bin\server

VM Arguments:
jvm_args: -Dmaven.multiModuleProjectDirectory=P:\JBDL-65(Spring,Springboot)\Spring live\L16_Secound_Service\Order_service -Djansi.passthrough=true -Xms512m -Xmx1024m -Dmaven.home=C:\Users\prateek\.m2\wrapper\dists\apache-maven-3.9.5-bin\2adeog8mj13csp1uusqnc1f2mo\apache-maven-3.9.5 -Dclassworlds.conf=C:\Users\prateek\.m2\wrapper\dists\apache-maven-3.9.5-bin\2adeog8mj13csp1uusqnc1f2mo\apache-maven-3.9.5\bin\m2.conf -Dmaven.ext.class.path=C:\Program Files\JetBrains\IntelliJ IDEA Community Edition 2023.2.4\plugins\maven\lib\maven-event-listener.jar -javaagent:C:\Program Files\JetBrains\IntelliJ IDEA Community Edition 2023.2.4\lib\idea_rt.jar=51196:C:\Program Files\JetBrains\IntelliJ IDEA Community Edition 2023.2.4\bin -Dfile.encoding=UTF-8 -Dsun.stdout.encoding=UTF-8 -Dsun.stderr.encoding=UTF-8 
java_command: org.codehaus.classworlds.Launcher -Didea.version=2023.2.4
java_class_path (initial): C:\Users\prateek\.m2\wrapper\dists\apache-maven-3.9.5-bin\2adeog8mj13csp1uusqnc1f2mo\apache-maven-3.9.5\boot\plexus-classworlds-2.7.0.jar;C:\Users\prateek\.m2\wrapper\dists\apache-maven-3.9.5-bin\2adeog8mj13csp1uusqnc1f2mo\apache-maven-3.9.5\boot\plexus-classworlds.license
Launcher Type: SUN_STANDARD

[Global flags]
     intx CICompilerCount                          = 3                                         {product} {ergonomic}
     uint ConcGCThreads                            = 1                                         {product} {ergonomic}
     uint G1ConcRefinementThreads                  = 4                                         {product} {ergonomic}
   size_t G1HeapRegionSize                         = 1048576                                   {product} {ergonomic}
    uintx GCDrainStackTargetSize                   = 64                                        {product} {ergonomic}
   size_t InitialHeapSize                          = 536870912                                 {product} {command line}
   size_t MarkStackSize                            = 4194304                                   {product} {ergonomic}
   size_t MaxHeapSize                              = 1073741824                                {product} {command line}
   size_t MinHeapDeltaBytes                        = 1048576                                   {product} {ergonomic}
   size_t MinHeapSize                              = 536870912                                 {product} {command line}
    uintx NonNMethodCodeHeapSize                   = 5832780                                {pd product} {ergonomic}
    uintx NonProfiledCodeHeapSize                  = 122912730                              {pd product} {ergonomic}
    uintx ProfiledCodeHeapSize                     = 122912730                              {pd product} {ergonomic}
    uintx ReservedCodeCacheSize                    = 251658240                              {pd product} {ergonomic}
     bool SegmentedCodeCache                       = true                                      {product} {ergonomic}
   size_t SoftMaxHeapSize                          = 1073741824                             {manageable} {ergonomic}
     bool UseCompressedOops                        = true                           {product lp64_product} {ergonomic}
     bool UseG1GC                                  = true                                      {product} {ergonomic}
     bool UseLargePagesIndividualAllocation        = false                                  {pd product} {ergonomic}

Logging:
Log output configuration:
 #0: stdout all=warning uptime,level,tags foldmultilines=false
 #1: stderr all=off uptime,level,tags foldmultilines=false

Environment Variables:
JAVA_HOME=C:\Program Files\Java\jdk1.8.0_202\bin\appletviewer.exe
PATH=C:\Program Files (x86)\Common Files\Oracle\Java\javapath;D:\oracle\product\10.2.0\db_1\bin;C:\windows\system32;C:\windows;C:\windows\System32\Wbem;C:\windows\System32\WindowsPowerShell\v1.0\;C:\windows\System32\OpenSSH\;C:\Program Files\Java\jdk-15.0.1\bin;C:\MinGW\bin;C:\MinGW\msys\1.0\bin;C:\mingw64\bin;C:\Program Files\Java\jdk-16.0.2\bin;C:\Program Files\Java\jdk1.8.0_301\bin;C:\Program Files\Git\cmd;C:\Program Files\Java\jdk-17.0.1\bin;C:\ProgramData\chocolatey\bin;C:\Program Files\Microsoft SQL Server\150\Tools\Binn\;C:\Program Files\dotnet\;C:\WINDOWS\system32;C:\WINDOWS;C:\WINDOWS\System32\Wbem;C:\WINDOWS\System32\WindowsPowerShell\v1.0\;C:\WINDOWS\System32\OpenSSH\;C:\Program Files\Redis;C:\Users\prateek\AppData\Local\Microsoft\WindowsApps;C:\Program Files\CodeBlocks\MinGW\bin;C:\MinGW\bin;C:\Program Files\MongoDB\Server\4.4\bin;C:\Program Files\JetBrains\IntelliJ IDEA Community Edition 2023.2.4\bin;;C:\Program Files\Java\jdk1.8.0_301\bin;C:\Users\prateek\.dotnet\tools;C:\Users\prateek\AppData\Local\GitHubDesktop\bin
USERNAME=prateek
OS=Windows_NT
PROCESSOR_IDENTIFIER=AMD64 Family 23 Model 24 Stepping 1, AuthenticAMD
TMP=C:\Users\prateek\AppData\Local\Temp
TEMP=C:\Users\prateek\AppData\Local\Temp




Periodic native trim disabled

---------------  S Y S T E M  ---------------

OS:
 Windows 11 , 64 bit Build 22000 (10.0.22000.2538)
OS uptime: 2 days 23:11 hours

CPU: total 4 (initial active 4) (4 cores per cpu, 2 threads per core) family 23 model 24 stepping 1 microcode 0x0, cx8, cmov, fxsr, ht, mmx, 3dnowpref, sse, sse2, sse3, ssse3, sse4a, sse4.1, sse4.2, popcnt, lzcnt, tsc, tscinvbit, avx, avx2, aes, clmul, bmi1, bmi2, adx, sha, fma, vzeroupper, clflush, clflushopt, rdtscp, f16c
Processor Information for all 4 processors :
  Max Mhz: 2600, Current Mhz: 2600, Mhz Limit: 2600

Memory: 4k page, system-wide physical 3526M (166M free)
TotalPageFile size 14278M (AvailPageFile size 241M)
current process WorkingSet (physical memory assigned to process): 10M, peak: 10M
current process commit charge ("private bytes"): 51M, peak: 563M

vm_info: OpenJDK 64-Bit Server VM (21.0.2+13-58) for windows-amd64 JRE (21.0.2+13-58), built on 2024-01-05T18:32:24Z by "mach5one" with MS VC++ 17.1 (VS2022)

END.
